::1 - - [14/Nov/2025 13:44:25] "GET / HTTP/1.1" 200 -
::1 - - [14/Nov/2025 13:44:25] "GET /styles.css HTTP/1.1" 200 -
::1 - - [14/Nov/2025 13:44:25] "GET /localization.js HTTP/1.1" 304 -
::1 - - [14/Nov/2025 13:44:25] "GET /toast.js HTTP/1.1" 304 -
::1 - - [14/Nov/2025 13:44:25] "GET /app.js HTTP/1.1" 200 -
::1 - - [14/Nov/2025 13:44:25] "GET /settings.js HTTP/1.1" 200 -
::1 - - [14/Nov/2025 13:44:25] "GET /audio.js HTTP/1.1" 304 -
::1 - - [14/Nov/2025 13:44:25] "GET /cards.js HTTP/1.1" 200 -
::1 - - [14/Nov/2025 13:44:25] "GET /subjects.json HTTP/1.1" 304 -
::1 - - [14/Nov/2025 13:44:25] code 404, message File not found
::1 - - [14/Nov/2025 13:44:25] "GET /favicon.ico HTTP/1.1" 404 -
::1 - - [14/Nov/2025 13:44:51] "GET / HTTP/1.1" 200 -
::1 - - [14/Nov/2025 13:44:51] "GET /styles.css HTTP/1.1" 200 -
::1 - - [14/Nov/2025 13:44:51] "GET /localization.js HTTP/1.1" 200 -
::1 - - [14/Nov/2025 13:44:51] "GET /audio.js HTTP/1.1" 200 -
::1 - - [14/Nov/2025 13:44:51] "GET /toast.js HTTP/1.1" 200 -
::1 - - [14/Nov/2025 13:44:51] "GET /cards.js HTTP/1.1" 200 -
::1 - - [14/Nov/2025 13:44:51] "GET /settings.js HTTP/1.1" 200 -
::1 - - [14/Nov/2025 13:44:51] "GET /app.js HTTP/1.1" 200 -
::1 - - [14/Nov/2025 13:44:51] "GET /subjects.json HTTP/1.1" 200 -
::1 - - [14/Nov/2025 13:45:45] "HEAD /assets/images/photos/dog.png HTTP/1.1" 200 -
::1 - - [14/Nov/2025 13:45:45] "GET /assets/images/photos/dog.png HTTP/1.1" 200 -
::1 - - [14/Nov/2025 13:45:45] "HEAD /assets/images/photos/cat.png HTTP/1.1" 200 -
::1 - - [14/Nov/2025 13:45:45] "GET /assets/images/photos/cat.png HTTP/1.1" 200 -
::1 - - [14/Nov/2025 13:45:46] "HEAD /assets/images/photos/pig.png HTTP/1.1" 200 -
::1 - - [14/Nov/2025 13:45:46] "GET /assets/images/photos/pig.png HTTP/1.1" 200 -
::1 - - [14/Nov/2025 13:45:47] "HEAD /assets/images/photos/goat.png HTTP/1.1" 200 -
::1 - - [14/Nov/2025 13:45:47] "GET /assets/images/photos/goat.png HTTP/1.1" 200 -
::1 - - [14/Nov/2025 13:45:58] "HEAD /assets/images/photos/chicken.png HTTP/1.1" 200 -
::1 - - [14/Nov/2025 13:45:58] "GET /assets/images/photos/chicken.png HTTP/1.1" 200 -
::1 - - [14/Nov/2025 13:45:58] "HEAD /assets/images/photos/bird.png HTTP/1.1" 200 -
::1 - - [14/Nov/2025 13:45:58] "GET /assets/images/photos/bird.png HTTP/1.1" 200 -
::1 - - [14/Nov/2025 13:46:00] "HEAD /assets/images/photos/truck.png HTTP/1.1" 200 -
::1 - - [14/Nov/2025 13:46:00] "GET /assets/images/photos/truck.png HTTP/1.1" 200 -
::1 - - [14/Nov/2025 13:46:11] "HEAD /assets/images/photos/monkey.png HTTP/1.1" 200 -
::1 - - [14/Nov/2025 13:46:11] "GET /assets/images/photos/monkey.png HTTP/1.1" 200 -
::1 - - [14/Nov/2025 13:46:19] code 404, message File not found
::1 - - [14/Nov/2025 13:46:19] "HEAD /assets/images/photos/police.png HTTP/1.1" 404 -
::1 - - [14/Nov/2025 13:46:19] code 404, message File not found
::1 - - [14/Nov/2025 13:46:19] "HEAD /assets/images/photos/police0.png HTTP/1.1" 404 -
::1 - - [14/Nov/2025 13:46:19] code 404, message File not found
::1 - - [14/Nov/2025 13:46:19] "HEAD /assets/images/photos/police1.png HTTP/1.1" 404 -
::1 - - [14/Nov/2025 13:46:19] code 404, message File not found
::1 - - [14/Nov/2025 13:46:19] "HEAD /assets/images/photos/police2.png HTTP/1.1" 404 -
::1 - - [14/Nov/2025 13:46:19] code 404, message File not found
::1 - - [14/Nov/2025 13:46:19] "HEAD /assets/images/photos/police3.png HTTP/1.1" 404 -
::1 - - [14/Nov/2025 13:46:19] code 404, message File not found
::1 - - [14/Nov/2025 13:46:19] "HEAD /assets/images/photos/police4.png HTTP/1.1" 404 -
::1 - - [14/Nov/2025 13:46:19] code 404, message File not found
::1 - - [14/Nov/2025 13:46:19] "HEAD /assets/images/photos/police5.png HTTP/1.1" 404 -
::1 - - [14/Nov/2025 13:46:19] code 404, message File not found
::1 - - [14/Nov/2025 13:46:19] "HEAD /assets/images/photos/police6.png HTTP/1.1" 404 -
::1 - - [14/Nov/2025 13:46:19] code 404, message File not found
::1 - - [14/Nov/2025 13:46:19] "HEAD /assets/images/photos/police7.png HTTP/1.1" 404 -
::1 - - [14/Nov/2025 13:46:19] code 404, message File not found
::1 - - [14/Nov/2025 13:46:19] "HEAD /assets/images/photos/police8.png HTTP/1.1" 404 -
::1 - - [14/Nov/2025 13:46:19] code 404, message File not found
::1 - - [14/Nov/2025 13:46:19] "HEAD /assets/images/photos/police9.png HTTP/1.1" 404 -
::1 - - [14/Nov/2025 13:46:19] code 404, message File not found
::1 - - [14/Nov/2025 13:46:19] "GET /assets/images/photos/police.png HTTP/1.1" 404 -
::1 - - [14/Nov/2025 13:46:22] code 404, message File not found
::1 - - [14/Nov/2025 13:46:22] code 404, message File not found
::1 - - [14/Nov/2025 13:46:22] "HEAD /assets/images/photos/dog0.png HTTP/1.1" 404 -
::1 - - [14/Nov/2025 13:46:22] "HEAD /assets/images/photos/dog1.png HTTP/1.1" 404 -
::1 - - [14/Nov/2025 13:46:22] code 404, message File not found
::1 - - [14/Nov/2025 13:46:22] "HEAD /assets/images/photos/dog2.png HTTP/1.1" 404 -
::1 - - [14/Nov/2025 13:46:22] code 404, message File not found
::1 - - [14/Nov/2025 13:46:22] code 404, message File not found
::1 - - [14/Nov/2025 13:46:22] code 404, message File not found
::1 - - [14/Nov/2025 13:46:22] "HEAD /assets/images/photos/dog3.png HTTP/1.1" 404 -
::1 - - [14/Nov/2025 13:46:22] code 404, message File not found
::1 - - [14/Nov/2025 13:46:22] code 404, message File not found
::1 - - [14/Nov/2025 13:46:22] "HEAD /assets/images/photos/dog5.png HTTP/1.1" 404 -
::1 - - [14/Nov/2025 13:46:22] "HEAD /assets/images/photos/dog6.png HTTP/1.1" 404 -
::1 - - [14/Nov/2025 13:46:22] "HEAD /assets/images/photos/dog7.png HTTP/1.1" 404 -
::1 - - [14/Nov/2025 13:46:22] "HEAD /assets/images/photos/dog4.png HTTP/1.1" 404 -
::1 - - [14/Nov/2025 13:46:22] code 404, message File not found
::1 - - [14/Nov/2025 13:46:22] "HEAD /assets/images/photos/dog8.png HTTP/1.1" 404 -
::1 - - [14/Nov/2025 13:46:22] code 404, message File not found
::1 - - [14/Nov/2025 13:46:22] code 404, message File not found
::1 - - [14/Nov/2025 13:46:22] code 404, message File not found
::1 - - [14/Nov/2025 13:46:22] "HEAD /assets/images/photos/cat0.png HTTP/1.1" 404 -
::1 - - [14/Nov/2025 13:46:22] "HEAD /assets/images/photos/dog9.png HTTP/1.1" 404 -
::1 - - [14/Nov/2025 13:46:22] "HEAD /assets/images/photos/cat1.png HTTP/1.1" 404 -
::1 - - [14/Nov/2025 13:46:22] code 404, message File not found
::1 - - [14/Nov/2025 13:46:22] code 404, message File not found
::1 - - [14/Nov/2025 13:46:22] "HEAD /assets/images/photos/cat3.png HTTP/1.1" 404 -
::1 - - [14/Nov/2025 13:46:22] "HEAD /assets/images/photos/cat2.png HTTP/1.1" 404 -
::1 - - [14/Nov/2025 13:46:22] code 404, message File not found
::1 - - [14/Nov/2025 13:46:22] "HEAD /assets/images/photos/cat4.png HTTP/1.1" 404 -
::1 - - [14/Nov/2025 13:46:22] code 404, message File not found
::1 - - [14/Nov/2025 13:46:22] code 404, message File not found
::1 - - [14/Nov/2025 13:46:22] "HEAD /assets/images/photos/cat5.png HTTP/1.1" 404 -
::1 - - [14/Nov/2025 13:46:22] "HEAD /assets/images/photos/cat6.png HTTP/1.1" 404 -
::1 - - [14/Nov/2025 13:46:22] code 404, message File not found
::1 - - [14/Nov/2025 13:46:22] code 404, message File not found
::1 - - [14/Nov/2025 13:46:22] code 404, message File not found
::1 - - [14/Nov/2025 13:46:22] "HEAD /assets/images/photos/cat8.png HTTP/1.1" 404 -
::1 - - [14/Nov/2025 13:46:22] code 404, message File not found
::1 - - [14/Nov/2025 13:46:22] code 404, message File not found
::1 - - [14/Nov/2025 13:46:22] "HEAD /assets/images/photos/cat7.png HTTP/1.1" 404 -
::1 - - [14/Nov/2025 13:46:22] "HEAD /assets/images/photos/cat9.png HTTP/1.1" 404 -
::1 - - [14/Nov/2025 13:46:22] "HEAD /assets/images/photos/pig2.png HTTP/1.1" 404 -
::1 - - [14/Nov/2025 13:46:22] "HEAD /assets/images/photos/pig0.png HTTP/1.1" 404 -
::1 - - [14/Nov/2025 13:46:22] code 404, message File not found
::1 - - [14/Nov/2025 13:46:22] "HEAD /assets/images/photos/pig1.png HTTP/1.1" 404 -
::1 - - [14/Nov/2025 13:46:22] code 404, message File not found
::1 - - [14/Nov/2025 13:46:22] "HEAD /assets/images/photos/pig3.png HTTP/1.1" 404 -
::1 - - [14/Nov/2025 13:46:22] code 404, message File not found
::1 - - [14/Nov/2025 13:46:22] "HEAD /assets/images/photos/pig4.png HTTP/1.1" 404 -
::1 - - [14/Nov/2025 13:46:22] code 404, message File not found
::1 - - [14/Nov/2025 13:46:22] "HEAD /assets/images/photos/pig5.png HTTP/1.1" 404 -
::1 - - [14/Nov/2025 13:46:22] code 404, message File not found
::1 - - [14/Nov/2025 13:46:22] code 404, message File not found
::1 - - [14/Nov/2025 13:46:22] "HEAD /assets/images/photos/pig6.png HTTP/1.1" 404 -
::1 - - [14/Nov/2025 13:46:22] code 404, message File not found
::1 - - [14/Nov/2025 13:46:22] "HEAD /assets/images/photos/pig8.png HTTP/1.1" 404 -
::1 - - [14/Nov/2025 13:46:22] code 404, message File not found
::1 - - [14/Nov/2025 13:46:22] "HEAD /assets/images/photos/goat0.png HTTP/1.1" 404 -
::1 - - [14/Nov/2025 13:46:22] code 404, message File not found
::1 - - [14/Nov/2025 13:46:22] code 404, message File not found
::1 - - [14/Nov/2025 13:46:22] "HEAD /assets/images/photos/pig7.png HTTP/1.1" 404 -
::1 - - [14/Nov/2025 13:46:22] "HEAD /assets/images/photos/pig9.png HTTP/1.1" 404 -
::1 - - [14/Nov/2025 13:46:22] "HEAD /assets/images/photos/goat1.png HTTP/1.1" 404 -
::1 - - [14/Nov/2025 13:46:22] code 404, message File not found
::1 - - [14/Nov/2025 13:46:22] code 404, message File not found
::1 - - [14/Nov/2025 13:46:22] code 404, message File not found
::1 - - [14/Nov/2025 13:46:22] code 404, message File not found
::1 - - [14/Nov/2025 13:46:22] code 404, message File not found
::1 - - [14/Nov/2025 13:46:22] "HEAD /assets/images/photos/goat3.png HTTP/1.1" 404 -
::1 - - [14/Nov/2025 13:46:22] code 404, message File not found
::1 - - [14/Nov/2025 13:46:22] "HEAD /assets/images/photos/goat2.png HTTP/1.1" 404 -
::1 - - [14/Nov/2025 13:46:22] "HEAD /assets/images/photos/goat4.png HTTP/1.1" 404 -
::1 - - [14/Nov/2025 13:46:22] "HEAD /assets/images/photos/goat6.png HTTP/1.1" 404 -
::1 - - [14/Nov/2025 13:46:22] "HEAD /assets/images/photos/goat5.png HTTP/1.1" 404 -
::1 - - [14/Nov/2025 13:46:22] "HEAD /assets/images/photos/goat7.png HTTP/1.1" 404 -
::1 - - [14/Nov/2025 13:46:22] code 404, message File not found
::1 - - [14/Nov/2025 13:46:22] code 404, message File not found
::1 - - [14/Nov/2025 13:46:22] code 404, message File not found
::1 - - [14/Nov/2025 13:46:22] code 404, message File not found
::1 - - [14/Nov/2025 13:46:22] "HEAD /assets/images/photos/chicken1.png HTTP/1.1" 404 -
::1 - - [14/Nov/2025 13:46:22] "HEAD /assets/images/photos/goat8.png HTTP/1.1" 404 -
::1 - - [14/Nov/2025 13:46:22] code 404, message File not found
::1 - - [14/Nov/2025 13:46:22] code 404, message File not found
::1 - - [14/Nov/2025 13:46:22] "HEAD /assets/images/photos/chicken2.png HTTP/1.1" 404 -
::1 - - [14/Nov/2025 13:46:22] "HEAD /assets/images/photos/goat9.png HTTP/1.1" 404 -
::1 - - [14/Nov/2025 13:46:22] "HEAD /assets/images/photos/chicken0.png HTTP/1.1" 404 -
::1 - - [14/Nov/2025 13:46:22] "HEAD /assets/images/photos/chicken3.png HTTP/1.1" 404 -
::1 - - [14/Nov/2025 13:46:22] code 404, message File not found
::1 - - [14/Nov/2025 13:46:22] code 404, message File not found
::1 - - [14/Nov/2025 13:46:22] code 404, message File not found
::1 - - [14/Nov/2025 13:46:22] code 404, message File not found
::1 - - [14/Nov/2025 13:46:22] "HEAD /assets/images/photos/chicken4.png HTTP/1.1" 404 -
::1 - - [14/Nov/2025 13:46:22] code 404, message File not found
::1 - - [14/Nov/2025 13:46:22] code 404, message File not found
::1 - - [14/Nov/2025 13:46:22] "HEAD /assets/images/photos/chicken5.png HTTP/1.1" 404 -
::1 - - [14/Nov/2025 13:46:22] "HEAD /assets/images/photos/chicken6.png HTTP/1.1" 404 -
::1 - - [14/Nov/2025 13:46:22] "HEAD /assets/images/photos/chicken7.png HTTP/1.1" 404 -
::1 - - [14/Nov/2025 13:46:22] "HEAD /assets/images/photos/chicken9.png HTTP/1.1" 404 -
::1 - - [14/Nov/2025 13:46:22] code 404, message File not found
::1 - - [14/Nov/2025 13:46:22] "HEAD /assets/images/photos/bird0.png HTTP/1.1" 404 -
::1 - - [14/Nov/2025 13:46:22] code 404, message File not found
::1 - - [14/Nov/2025 13:46:22] code 404, message File not found
::1 - - [14/Nov/2025 13:46:22] code 404, message File not found
::1 - - [14/Nov/2025 13:46:22] code 404, message File not found
::1 - - [14/Nov/2025 13:46:22] code 404, message File not found
::1 - - [14/Nov/2025 13:46:22] "HEAD /assets/images/photos/bird1.png HTTP/1.1" 404 -
::1 - - [14/Nov/2025 13:46:22] "HEAD /assets/images/photos/chicken8.png HTTP/1.1" 404 -
::1 - - [14/Nov/2025 13:46:22] "HEAD /assets/images/photos/bird2.png HTTP/1.1" 404 -
::1 - - [14/Nov/2025 13:46:22] "HEAD /assets/images/photos/bird3.png HTTP/1.1" 404 -
::1 - - [14/Nov/2025 13:46:22] "HEAD /assets/images/photos/bird5.png HTTP/1.1" 404 -
::1 - - [14/Nov/2025 13:46:22] "HEAD /assets/images/photos/bird4.png HTTP/1.1" 404 -
::1 - - [14/Nov/2025 13:46:22] code 404, message File not found
::1 - - [14/Nov/2025 13:46:22] code 404, message File not found
::1 - - [14/Nov/2025 13:46:22] "HEAD /assets/images/photos/bird6.png HTTP/1.1" 404 -
::1 - - [14/Nov/2025 13:46:22] code 404, message File not found
::1 - - [14/Nov/2025 13:46:22] code 404, message File not found
::1 - - [14/Nov/2025 13:46:22] code 404, message File not found
::1 - - [14/Nov/2025 13:46:22] "HEAD /assets/images/photos/bird8.png HTTP/1.1" 404 -
::1 - - [14/Nov/2025 13:46:22] "HEAD /assets/images/photos/bird9.png HTTP/1.1" 404 -
::1 - - [14/Nov/2025 13:46:22] "HEAD /assets/images/photos/truck1.png HTTP/1.1" 404 -
::1 - - [14/Nov/2025 13:46:22] "HEAD /assets/images/photos/bird7.png HTTP/1.1" 404 -
::1 - - [14/Nov/2025 13:46:22] code 404, message File not found
::1 - - [14/Nov/2025 13:46:22] code 404, message File not found
::1 - - [14/Nov/2025 13:46:22] "HEAD /assets/images/photos/truck0.png HTTP/1.1" 404 -
::1 - - [14/Nov/2025 13:46:22] code 404, message File not found
::1 - - [14/Nov/2025 13:46:22] code 404, message File not found
::1 - - [14/Nov/2025 13:46:22] "HEAD /assets/images/photos/truck3.png HTTP/1.1" 404 -
::1 - - [14/Nov/2025 13:46:22] code 404, message File not found
::1 - - [14/Nov/2025 13:46:22] "HEAD /assets/images/photos/truck2.png HTTP/1.1" 404 -
::1 - - [14/Nov/2025 13:46:22] "HEAD /assets/images/photos/truck4.png HTTP/1.1" 404 -
::1 - - [14/Nov/2025 13:46:22] "HEAD /assets/images/photos/truck6.png HTTP/1.1" 404 -
::1 - - [14/Nov/2025 13:46:22] code 404, message File not found
::1 - - [14/Nov/2025 13:46:22] code 404, message File not found
::1 - - [14/Nov/2025 13:46:22] "HEAD /assets/images/photos/truck5.png HTTP/1.1" 404 -
::1 - - [14/Nov/2025 13:46:22] "HEAD /assets/images/photos/truck7.png HTTP/1.1" 404 -
::1 - - [14/Nov/2025 13:46:22] code 404, message File not found
::1 - - [14/Nov/2025 13:46:22] "HEAD /assets/images/photos/truck8.png HTTP/1.1" 404 -
::1 - - [14/Nov/2025 13:46:22] code 404, message File not found
::1 - - [14/Nov/2025 13:46:22] code 404, message File not found
::1 - - [14/Nov/2025 13:46:22] code 404, message File not found
::1 - - [14/Nov/2025 13:46:22] code 404, message File not found
::1 - - [14/Nov/2025 13:46:22] code 404, message File not found
::1 - - [14/Nov/2025 13:46:22] "HEAD /assets/images/photos/monkey2.png HTTP/1.1" 404 -
::1 - - [14/Nov/2025 13:46:22] "HEAD /assets/images/photos/monkey1.png HTTP/1.1" 404 -
::1 - - [14/Nov/2025 13:46:22] "HEAD /assets/images/photos/truck9.png HTTP/1.1" 404 -
::1 - - [14/Nov/2025 13:46:22] code 404, message File not found
::1 - - [14/Nov/2025 13:46:22] "HEAD /assets/images/photos/monkey3.png HTTP/1.1" 404 -
::1 - - [14/Nov/2025 13:46:22] "HEAD /assets/images/photos/monkey4.png HTTP/1.1" 404 -
::1 - - [14/Nov/2025 13:46:22] "HEAD /assets/images/photos/monkey0.png HTTP/1.1" 404 -
::1 - - [14/Nov/2025 13:46:22] code 404, message File not found
::1 - - [14/Nov/2025 13:46:22] code 404, message File not found
::1 - - [14/Nov/2025 13:46:22] code 404, message File not found
::1 - - [14/Nov/2025 13:46:22] code 404, message File not found
::1 - - [14/Nov/2025 13:46:22] code 404, message File not found
::1 - - [14/Nov/2025 13:46:22] "HEAD /assets/images/photos/monkey7.png HTTP/1.1" 404 -
::1 - - [14/Nov/2025 13:46:22] code 404, message File not found
::1 - - [14/Nov/2025 13:46:22] "HEAD /assets/images/photos/monkey6.png HTTP/1.1" 404 -
::1 - - [14/Nov/2025 13:46:22] "HEAD /assets/images/photos/monkey8.png HTTP/1.1" 404 -
::1 - - [14/Nov/2025 13:46:22] "HEAD /assets/images/photos/police.png HTTP/1.1" 404 -
::1 - - [14/Nov/2025 13:46:22] "HEAD /assets/images/photos/monkey5.png HTTP/1.1" 404 -
::1 - - [14/Nov/2025 13:46:22] "HEAD /assets/images/photos/monkey9.png HTTP/1.1" 404 -
::1 - - [14/Nov/2025 13:46:22] code 404, message File not found
::1 - - [14/Nov/2025 13:46:22] code 404, message File not found
::1 - - [14/Nov/2025 13:46:22] "HEAD /assets/images/photos/police0.png HTTP/1.1" 404 -
::1 - - [14/Nov/2025 13:46:22] code 404, message File not found
::1 - - [14/Nov/2025 13:46:22] code 404, message File not found
::1 - - [14/Nov/2025 13:46:22] code 404, message File not found
::1 - - [14/Nov/2025 13:46:22] "HEAD /assets/images/photos/police3.png HTTP/1.1" 404 -
::1 - - [14/Nov/2025 13:46:22] code 404, message File not found
::1 - - [14/Nov/2025 13:46:22] "HEAD /assets/images/photos/police1.png HTTP/1.1" 404 -
::1 - - [14/Nov/2025 13:46:22] code 404, message File not found
::1 - - [14/Nov/2025 13:46:22] "HEAD /assets/images/photos/police4.png HTTP/1.1" 404 -
::1 - - [14/Nov/2025 13:46:22] "HEAD /assets/images/photos/police2.png HTTP/1.1" 404 -
::1 - - [14/Nov/2025 13:46:22] "HEAD /assets/images/photos/police5.png HTTP/1.1" 404 -
::1 - - [14/Nov/2025 13:46:22] "HEAD /assets/images/photos/police6.png HTTP/1.1" 404 -
::1 - - [14/Nov/2025 13:46:22] code 404, message File not found
::1 - - [14/Nov/2025 13:46:22] code 404, message File not found
::1 - - [14/Nov/2025 13:46:22] "HEAD /assets/images/photos/police8.png HTTP/1.1" 404 -
::1 - - [14/Nov/2025 13:46:22] "HEAD /assets/images/photos/police7.png HTTP/1.1" 404 -
::1 - - [14/Nov/2025 13:46:22] code 404, message File not found
::1 - - [14/Nov/2025 13:46:22] "HEAD /assets/images/photos/police9.png HTTP/1.1" 404 -
::1 - - [14/Nov/2025 13:46:22] code 404, message File not found
::1 - - [14/Nov/2025 13:46:22] "GET /assets/images/photos/police.png HTTP/1.1" 404 -
::1 - - [14/Nov/2025 13:46:22] "HEAD /assets/sounds/truck.mp3 HTTP/1.1" 304 -
::1 - - [14/Nov/2025 13:46:22] "HEAD /assets/sounds/truck0.mp3 HTTP/1.1" 200 -
::1 - - [14/Nov/2025 13:46:22] "HEAD /assets/sounds/truck1.mp3 HTTP/1.1" 200 -
::1 - - [14/Nov/2025 13:46:22] "HEAD /assets/sounds/truck2.mp3 HTTP/1.1" 200 -
::1 - - [14/Nov/2025 13:46:22] code 404, message File not found
::1 - - [14/Nov/2025 13:46:22] "HEAD /assets/sounds/truck3.mp3 HTTP/1.1" 404 -
::1 - - [14/Nov/2025 13:46:22] code 404, message File not found
::1 - - [14/Nov/2025 13:46:22] "HEAD /assets/sounds/truck4.mp3 HTTP/1.1" 404 -
::1 - - [14/Nov/2025 13:46:22] code 404, message File not found
::1 - - [14/Nov/2025 13:46:22] "HEAD /assets/sounds/truck5.mp3 HTTP/1.1" 404 -
::1 - - [14/Nov/2025 13:46:22] code 404, message File not found
::1 - - [14/Nov/2025 13:46:22] "HEAD /assets/sounds/truck6.mp3 HTTP/1.1" 404 -
::1 - - [14/Nov/2025 13:46:22] code 404, message File not found
::1 - - [14/Nov/2025 13:46:22] "HEAD /assets/sounds/truck7.mp3 HTTP/1.1" 404 -
::1 - - [14/Nov/2025 13:46:22] code 404, message File not found
::1 - - [14/Nov/2025 13:46:22] "HEAD /assets/sounds/truck8.mp3 HTTP/1.1" 404 -
::1 - - [14/Nov/2025 13:46:22] code 404, message File not found
::1 - - [14/Nov/2025 13:46:22] "HEAD /assets/sounds/truck9.mp3 HTTP/1.1" 404 -
::1 - - [14/Nov/2025 13:46:22] code 404, message File not found
::1 - - [14/Nov/2025 13:46:22] "GET /favicon.ico HTTP/1.1" 404 -
::1 - - [14/Nov/2025 13:46:25] "HEAD /assets/sounds/truck0.mp3 HTTP/1.1" 200 -
::1 - - [14/Nov/2025 13:46:25] "HEAD /assets/sounds/truck1.mp3 HTTP/1.1" 200 -
::1 - - [14/Nov/2025 13:46:25] "HEAD /assets/sounds/truck2.mp3 HTTP/1.1" 200 -
::1 - - [14/Nov/2025 13:46:25] code 404, message File not found
::1 - - [14/Nov/2025 13:46:25] "HEAD /assets/sounds/truck3.mp3 HTTP/1.1" 404 -
::1 - - [14/Nov/2025 13:46:25] code 404, message File not found
::1 - - [14/Nov/2025 13:46:25] "HEAD /assets/sounds/truck4.mp3 HTTP/1.1" 404 -
::1 - - [14/Nov/2025 13:46:25] code 404, message File not found
::1 - - [14/Nov/2025 13:46:25] "HEAD /assets/sounds/truck5.mp3 HTTP/1.1" 404 -
::1 - - [14/Nov/2025 13:46:25] code 404, message File not found
::1 - - [14/Nov/2025 13:46:25] "HEAD /assets/sounds/truck6.mp3 HTTP/1.1" 404 -
::1 - - [14/Nov/2025 13:46:25] code 404, message File not found
::1 - - [14/Nov/2025 13:46:25] "HEAD /assets/sounds/truck7.mp3 HTTP/1.1" 404 -
::1 - - [14/Nov/2025 13:46:25] code 404, message File not found
::1 - - [14/Nov/2025 13:46:25] "HEAD /assets/sounds/truck8.mp3 HTTP/1.1" 404 -
::1 - - [14/Nov/2025 13:46:25] code 404, message File not found
::1 - - [14/Nov/2025 13:46:25] "HEAD /assets/sounds/truck9.mp3 HTTP/1.1" 404 -
::1 - - [14/Nov/2025 13:46:25] "GET /assets/sounds/truck2.mp3 HTTP/1.1" 200 -
::1 - - [14/Nov/2025 13:46:27] "HEAD /assets/sounds/truck0.mp3 HTTP/1.1" 200 -
::1 - - [14/Nov/2025 13:46:27] "HEAD /assets/sounds/truck1.mp3 HTTP/1.1" 200 -
::1 - - [14/Nov/2025 13:46:27] code 404, message File not found
::1 - - [14/Nov/2025 13:46:27] "HEAD /assets/sounds/truck3.mp3 HTTP/1.1" 404 -
::1 - - [14/Nov/2025 13:46:27] code 404, message File not found
::1 - - [14/Nov/2025 13:46:27] "HEAD /assets/sounds/truck4.mp3 HTTP/1.1" 404 -
::1 - - [14/Nov/2025 13:46:27] code 404, message File not found
::1 - - [14/Nov/2025 13:46:27] "HEAD /assets/sounds/truck5.mp3 HTTP/1.1" 404 -
::1 - - [14/Nov/2025 13:46:27] code 404, message File not found
::1 - - [14/Nov/2025 13:46:27] "HEAD /assets/sounds/truck6.mp3 HTTP/1.1" 404 -
::1 - - [14/Nov/2025 13:46:27] code 404, message File not found
::1 - - [14/Nov/2025 13:46:27] "HEAD /assets/sounds/truck7.mp3 HTTP/1.1" 404 -
::1 - - [14/Nov/2025 13:46:27] code 404, message File not found
::1 - - [14/Nov/2025 13:46:27] "HEAD /assets/sounds/truck8.mp3 HTTP/1.1" 404 -
::1 - - [14/Nov/2025 13:46:27] code 404, message File not found
::1 - - [14/Nov/2025 13:46:27] "HEAD /assets/sounds/truck9.mp3 HTTP/1.1" 404 -
::1 - - [14/Nov/2025 13:46:29] "HEAD /assets/sounds/truck0.mp3 HTTP/1.1" 200 -
::1 - - [14/Nov/2025 13:46:29] "HEAD /assets/sounds/truck1.mp3 HTTP/1.1" 200 -
::1 - - [14/Nov/2025 13:46:29] code 404, message File not found
::1 - - [14/Nov/2025 13:46:29] "HEAD /assets/sounds/truck3.mp3 HTTP/1.1" 404 -
::1 - - [14/Nov/2025 13:46:29] code 404, message File not found
::1 - - [14/Nov/2025 13:46:29] "HEAD /assets/sounds/truck4.mp3 HTTP/1.1" 404 -
::1 - - [14/Nov/2025 13:46:29] code 404, message File not found
::1 - - [14/Nov/2025 13:46:29] "HEAD /assets/sounds/truck5.mp3 HTTP/1.1" 404 -
::1 - - [14/Nov/2025 13:46:29] code 404, message File not found
::1 - - [14/Nov/2025 13:46:29] "HEAD /assets/sounds/truck6.mp3 HTTP/1.1" 404 -
::1 - - [14/Nov/2025 13:46:29] code 404, message File not found
::1 - - [14/Nov/2025 13:46:29] "HEAD /assets/sounds/truck7.mp3 HTTP/1.1" 404 -
::1 - - [14/Nov/2025 13:46:29] code 404, message File not found
::1 - - [14/Nov/2025 13:46:29] "HEAD /assets/sounds/truck8.mp3 HTTP/1.1" 404 -
::1 - - [14/Nov/2025 13:46:29] code 404, message File not found
::1 - - [14/Nov/2025 13:46:29] "HEAD /assets/sounds/truck9.mp3 HTTP/1.1" 404 -
::1 - - [14/Nov/2025 13:46:29] "GET /assets/sounds/truck0.mp3 HTTP/1.1" 200 -
::1 - - [14/Nov/2025 13:46:31] "HEAD /assets/sounds/truck1.mp3 HTTP/1.1" 200 -
::1 - - [14/Nov/2025 13:46:31] code 404, message File not found
::1 - - [14/Nov/2025 13:46:31] "HEAD /assets/sounds/truck3.mp3 HTTP/1.1" 404 -
::1 - - [14/Nov/2025 13:46:31] code 404, message File not found
::1 - - [14/Nov/2025 13:46:31] "HEAD /assets/sounds/truck4.mp3 HTTP/1.1" 404 -
::1 - - [14/Nov/2025 13:46:31] code 404, message File not found
::1 - - [14/Nov/2025 13:46:31] "HEAD /assets/sounds/truck5.mp3 HTTP/1.1" 404 -
::1 - - [14/Nov/2025 13:46:31] code 404, message File not found
::1 - - [14/Nov/2025 13:46:31] "HEAD /assets/sounds/truck6.mp3 HTTP/1.1" 404 -
::1 - - [14/Nov/2025 13:46:31] code 404, message File not found
::1 - - [14/Nov/2025 13:46:31] "HEAD /assets/sounds/truck7.mp3 HTTP/1.1" 404 -
::1 - - [14/Nov/2025 13:46:31] code 404, message File not found
::1 - - [14/Nov/2025 13:46:31] "HEAD /assets/sounds/truck8.mp3 HTTP/1.1" 404 -
::1 - - [14/Nov/2025 13:46:31] code 404, message File not found
::1 - - [14/Nov/2025 13:46:31] "HEAD /assets/sounds/truck9.mp3 HTTP/1.1" 404 -
::1 - - [14/Nov/2025 13:46:31] "GET /assets/sounds/truck1.mp3 HTTP/1.1" 200 -
::1 - - [14/Nov/2025 13:46:55] "HEAD /assets/sounds/cat.mp3 HTTP/1.1" 200 -
::1 - - [14/Nov/2025 13:46:55] "HEAD /assets/sounds/cat0.mp3 HTTP/1.1" 200 -
::1 - - [14/Nov/2025 13:46:55] "HEAD /assets/sounds/cat1.mp3 HTTP/1.1" 304 -
::1 - - [14/Nov/2025 13:46:55] "HEAD /assets/sounds/cat2.mp3 HTTP/1.1" 200 -
::1 - - [14/Nov/2025 13:46:55] code 404, message File not found
::1 - - [14/Nov/2025 13:46:55] "HEAD /assets/sounds/cat3.mp3 HTTP/1.1" 404 -
::1 - - [14/Nov/2025 13:46:55] code 404, message File not found
::1 - - [14/Nov/2025 13:46:55] "HEAD /assets/sounds/cat4.mp3 HTTP/1.1" 404 -
::1 - - [14/Nov/2025 13:46:55] code 404, message File not found
::1 - - [14/Nov/2025 13:46:55] "HEAD /assets/sounds/cat5.mp3 HTTP/1.1" 404 -
::1 - - [14/Nov/2025 13:46:55] code 404, message File not found
::1 - - [14/Nov/2025 13:46:55] "HEAD /assets/sounds/cat6.mp3 HTTP/1.1" 404 -
::1 - - [14/Nov/2025 13:46:55] code 404, message File not found
::1 - - [14/Nov/2025 13:46:55] "HEAD /assets/sounds/cat7.mp3 HTTP/1.1" 404 -
::1 - - [14/Nov/2025 13:46:55] code 404, message File not found
::1 - - [14/Nov/2025 13:46:55] "HEAD /assets/sounds/cat8.mp3 HTTP/1.1" 404 -
::1 - - [14/Nov/2025 13:46:55] code 404, message File not found
::1 - - [14/Nov/2025 13:46:55] "HEAD /assets/sounds/cat9.mp3 HTTP/1.1" 404 -
::1 - - [14/Nov/2025 13:46:55] "GET /assets/sounds/cat0.mp3 HTTP/1.1" 200 -
::1 - - [14/Nov/2025 13:47:06] "HEAD /assets/sounds/monkey.mp3 HTTP/1.1" 200 -
::1 - - [14/Nov/2025 13:47:06] "HEAD /assets/sounds/monkey0.mp3 HTTP/1.1" 200 -
::1 - - [14/Nov/2025 13:47:06] "HEAD /assets/sounds/monkey1.mp3 HTTP/1.1" 200 -
::1 - - [14/Nov/2025 13:47:06] "HEAD /assets/sounds/monkey2.mp3 HTTP/1.1" 200 -
::1 - - [14/Nov/2025 13:47:06] code 404, message File not found
::1 - - [14/Nov/2025 13:47:06] "HEAD /assets/sounds/monkey3.mp3 HTTP/1.1" 404 -
::1 - - [14/Nov/2025 13:47:06] code 404, message File not found
::1 - - [14/Nov/2025 13:47:06] "HEAD /assets/sounds/monkey4.mp3 HTTP/1.1" 404 -
::1 - - [14/Nov/2025 13:47:06] code 404, message File not found
::1 - - [14/Nov/2025 13:47:06] "HEAD /assets/sounds/monkey5.mp3 HTTP/1.1" 404 -
::1 - - [14/Nov/2025 13:47:06] code 404, message File not found
::1 - - [14/Nov/2025 13:47:06] "HEAD /assets/sounds/monkey6.mp3 HTTP/1.1" 404 -
::1 - - [14/Nov/2025 13:47:06] code 404, message File not found
::1 - - [14/Nov/2025 13:47:06] "HEAD /assets/sounds/monkey7.mp3 HTTP/1.1" 404 -
::1 - - [14/Nov/2025 13:47:06] code 404, message File not found
::1 - - [14/Nov/2025 13:47:06] "HEAD /assets/sounds/monkey8.mp3 HTTP/1.1" 404 -
::1 - - [14/Nov/2025 13:47:06] code 404, message File not found
::1 - - [14/Nov/2025 13:47:06] "HEAD /assets/sounds/monkey9.mp3 HTTP/1.1" 404 -
::1 - - [14/Nov/2025 13:47:06] "GET /assets/sounds/monkey0.mp3 HTTP/1.1" 200 -
::1 - - [14/Nov/2025 13:47:09] "HEAD /assets/sounds/bird.mp3 HTTP/1.1" 200 -
::1 - - [14/Nov/2025 13:47:09] "HEAD /assets/sounds/bird0.mp3 HTTP/1.1" 304 -
::1 - - [14/Nov/2025 13:47:09] "HEAD /assets/sounds/bird1.mp3 HTTP/1.1" 200 -
::1 - - [14/Nov/2025 13:47:09] "HEAD /assets/sounds/bird2.mp3 HTTP/1.1" 200 -
::1 - - [14/Nov/2025 13:47:09] code 404, message File not found
::1 - - [14/Nov/2025 13:47:09] "HEAD /assets/sounds/bird3.mp3 HTTP/1.1" 404 -
::1 - - [14/Nov/2025 13:47:09] code 404, message File not found
::1 - - [14/Nov/2025 13:47:09] "HEAD /assets/sounds/bird4.mp3 HTTP/1.1" 404 -
::1 - - [14/Nov/2025 13:47:09] code 404, message File not found
::1 - - [14/Nov/2025 13:47:09] "HEAD /assets/sounds/bird5.mp3 HTTP/1.1" 404 -
::1 - - [14/Nov/2025 13:47:09] code 404, message File not found
::1 - - [14/Nov/2025 13:47:09] "HEAD /assets/sounds/bird6.mp3 HTTP/1.1" 404 -
::1 - - [14/Nov/2025 13:47:09] code 404, message File not found
::1 - - [14/Nov/2025 13:47:09] "HEAD /assets/sounds/bird7.mp3 HTTP/1.1" 404 -
::1 - - [14/Nov/2025 13:47:09] code 404, message File not found
::1 - - [14/Nov/2025 13:47:09] "HEAD /assets/sounds/bird8.mp3 HTTP/1.1" 404 -
::1 - - [14/Nov/2025 13:47:09] code 404, message File not found
::1 - - [14/Nov/2025 13:47:09] "HEAD /assets/sounds/bird9.mp3 HTTP/1.1" 404 -
::1 - - [14/Nov/2025 13:47:12] code 404, message File not found
::1 - - [14/Nov/2025 13:47:12] "HEAD /assets/sounds/police.mp3 HTTP/1.1" 404 -
::1 - - [14/Nov/2025 13:47:12] code 404, message File not found
::1 - - [14/Nov/2025 13:47:12] "HEAD /assets/sounds/police0.mp3 HTTP/1.1" 404 -
::1 - - [14/Nov/2025 13:47:12] code 404, message File not found
::1 - - [14/Nov/2025 13:47:12] "HEAD /assets/sounds/police1.mp3 HTTP/1.1" 404 -
::1 - - [14/Nov/2025 13:47:12] code 404, message File not found
::1 - - [14/Nov/2025 13:47:12] "HEAD /assets/sounds/police2.mp3 HTTP/1.1" 404 -
::1 - - [14/Nov/2025 13:47:12] code 404, message File not found
::1 - - [14/Nov/2025 13:47:12] "HEAD /assets/sounds/police3.mp3 HTTP/1.1" 404 -
::1 - - [14/Nov/2025 13:47:12] code 404, message File not found
::1 - - [14/Nov/2025 13:47:12] "HEAD /assets/sounds/police4.mp3 HTTP/1.1" 404 -
::1 - - [14/Nov/2025 13:47:12] code 404, message File not found
::1 - - [14/Nov/2025 13:47:12] "HEAD /assets/sounds/police5.mp3 HTTP/1.1" 404 -
::1 - - [14/Nov/2025 13:47:12] code 404, message File not found
::1 - - [14/Nov/2025 13:47:12] "HEAD /assets/sounds/police6.mp3 HTTP/1.1" 404 -
::1 - - [14/Nov/2025 13:47:12] code 404, message File not found
::1 - - [14/Nov/2025 13:47:12] "HEAD /assets/sounds/police7.mp3 HTTP/1.1" 404 -
::1 - - [14/Nov/2025 13:47:12] code 404, message File not found
::1 - - [14/Nov/2025 13:47:12] "HEAD /assets/sounds/police8.mp3 HTTP/1.1" 404 -
::1 - - [14/Nov/2025 13:47:12] code 404, message File not found
::1 - - [14/Nov/2025 13:47:12] "HEAD /assets/sounds/police9.mp3 HTTP/1.1" 404 -
::1 - - [14/Nov/2025 13:47:25] "HEAD /assets/sounds/dog.mp3 HTTP/1.1" 200 -
::1 - - [14/Nov/2025 13:47:25] "HEAD /assets/sounds/dog0.mp3 HTTP/1.1" 200 -
::1 - - [14/Nov/2025 13:47:25] "HEAD /assets/sounds/dog1.mp3 HTTP/1.1" 200 -
::1 - - [14/Nov/2025 13:47:25] "HEAD /assets/sounds/dog2.mp3 HTTP/1.1" 304 -
::1 - - [14/Nov/2025 13:47:25] code 404, message File not found
::1 - - [14/Nov/2025 13:47:25] "HEAD /assets/sounds/dog3.mp3 HTTP/1.1" 404 -
::1 - - [14/Nov/2025 13:47:25] code 404, message File not found
::1 - - [14/Nov/2025 13:47:25] "HEAD /assets/sounds/dog4.mp3 HTTP/1.1" 404 -
::1 - - [14/Nov/2025 13:47:25] code 404, message File not found
::1 - - [14/Nov/2025 13:47:25] "HEAD /assets/sounds/dog5.mp3 HTTP/1.1" 404 -
::1 - - [14/Nov/2025 13:47:25] code 404, message File not found
::1 - - [14/Nov/2025 13:47:25] "HEAD /assets/sounds/dog6.mp3 HTTP/1.1" 404 -
::1 - - [14/Nov/2025 13:47:25] code 404, message File not found
::1 - - [14/Nov/2025 13:47:25] "HEAD /assets/sounds/dog7.mp3 HTTP/1.1" 404 -
::1 - - [14/Nov/2025 13:47:25] code 404, message File not found
::1 - - [14/Nov/2025 13:47:25] "HEAD /assets/sounds/dog8.mp3 HTTP/1.1" 404 -
::1 - - [14/Nov/2025 13:47:25] code 404, message File not found
::1 - - [14/Nov/2025 13:47:25] "HEAD /assets/sounds/dog9.mp3 HTTP/1.1" 404 -
::1 - - [14/Nov/2025 13:47:25] "GET /assets/sounds/dog.mp3 HTTP/1.1" 200 -
::1 - - [14/Nov/2025 13:47:28] "HEAD /assets/sounds/goat.mp3 HTTP/1.1" 200 -
::1 - - [14/Nov/2025 13:47:28] code 404, message File not found
::1 - - [14/Nov/2025 13:47:28] "HEAD /assets/sounds/goat0.mp3 HTTP/1.1" 404 -
::1 - - [14/Nov/2025 13:47:28] code 404, message File not found
::1 - - [14/Nov/2025 13:47:28] "HEAD /assets/sounds/goat1.mp3 HTTP/1.1" 404 -
::1 - - [14/Nov/2025 13:47:28] code 404, message File not found
::1 - - [14/Nov/2025 13:47:28] "HEAD /assets/sounds/goat2.mp3 HTTP/1.1" 404 -
::1 - - [14/Nov/2025 13:47:28] code 404, message File not found
::1 - - [14/Nov/2025 13:47:28] "HEAD /assets/sounds/goat3.mp3 HTTP/1.1" 404 -
::1 - - [14/Nov/2025 13:47:28] code 404, message File not found
::1 - - [14/Nov/2025 13:47:28] "HEAD /assets/sounds/goat4.mp3 HTTP/1.1" 404 -
::1 - - [14/Nov/2025 13:47:28] code 404, message File not found
::1 - - [14/Nov/2025 13:47:28] "HEAD /assets/sounds/goat5.mp3 HTTP/1.1" 404 -
::1 - - [14/Nov/2025 13:47:28] code 404, message File not found
::1 - - [14/Nov/2025 13:47:28] "HEAD /assets/sounds/goat6.mp3 HTTP/1.1" 404 -
::1 - - [14/Nov/2025 13:47:28] code 404, message File not found
::1 - - [14/Nov/2025 13:47:28] "HEAD /assets/sounds/goat7.mp3 HTTP/1.1" 404 -
::1 - - [14/Nov/2025 13:47:28] code 404, message File not found
::1 - - [14/Nov/2025 13:47:28] "HEAD /assets/sounds/goat8.mp3 HTTP/1.1" 404 -
::1 - - [14/Nov/2025 13:47:28] code 404, message File not found
::1 - - [14/Nov/2025 13:47:28] "HEAD /assets/sounds/goat9.mp3 HTTP/1.1" 404 -
::1 - - [14/Nov/2025 13:47:28] "GET /assets/sounds/goat.mp3 HTTP/1.1" 200 -
::1 - - [14/Nov/2025 13:47:32] "HEAD /assets/sounds/chicken.mp3 HTTP/1.1" 200 -
::1 - - [14/Nov/2025 13:47:32] "HEAD /assets/sounds/chicken0.mp3 HTTP/1.1" 200 -
::1 - - [14/Nov/2025 13:47:32] "HEAD /assets/sounds/chicken1.mp3 HTTP/1.1" 200 -
::1 - - [14/Nov/2025 13:47:32] "HEAD /assets/sounds/chicken2.mp3 HTTP/1.1" 200 -
::1 - - [14/Nov/2025 13:47:32] code 404, message File not found
::1 - - [14/Nov/2025 13:47:32] "HEAD /assets/sounds/chicken3.mp3 HTTP/1.1" 404 -
::1 - - [14/Nov/2025 13:47:32] code 404, message File not found
::1 - - [14/Nov/2025 13:47:32] "HEAD /assets/sounds/chicken4.mp3 HTTP/1.1" 404 -
::1 - - [14/Nov/2025 13:47:32] code 404, message File not found
::1 - - [14/Nov/2025 13:47:32] "HEAD /assets/sounds/chicken5.mp3 HTTP/1.1" 404 -
::1 - - [14/Nov/2025 13:47:32] code 404, message File not found
::1 - - [14/Nov/2025 13:47:32] "HEAD /assets/sounds/chicken6.mp3 HTTP/1.1" 404 -
::1 - - [14/Nov/2025 13:47:32] code 404, message File not found
::1 - - [14/Nov/2025 13:47:32] "HEAD /assets/sounds/chicken7.mp3 HTTP/1.1" 404 -
::1 - - [14/Nov/2025 13:47:32] code 404, message File not found
::1 - - [14/Nov/2025 13:47:32] "HEAD /assets/sounds/chicken8.mp3 HTTP/1.1" 404 -
::1 - - [14/Nov/2025 13:47:32] code 404, message File not found
::1 - - [14/Nov/2025 13:47:32] "HEAD /assets/sounds/chicken9.mp3 HTTP/1.1" 404 -
::1 - - [14/Nov/2025 13:47:32] "GET /assets/sounds/chicken1.mp3 HTTP/1.1" 200 -
::1 - - [14/Nov/2025 13:47:35] "HEAD /assets/sounds/pig.mp3 HTTP/1.1" 200 -
::1 - - [14/Nov/2025 13:47:35] "HEAD /assets/sounds/pig0.mp3 HTTP/1.1" 200 -
::1 - - [14/Nov/2025 13:47:35] code 404, message File not found
::1 - - [14/Nov/2025 13:47:35] "HEAD /assets/sounds/pig1.mp3 HTTP/1.1" 404 -
::1 - - [14/Nov/2025 13:47:35] code 404, message File not found
::1 - - [14/Nov/2025 13:47:35] "HEAD /assets/sounds/pig2.mp3 HTTP/1.1" 404 -
::1 - - [14/Nov/2025 13:47:35] code 404, message File not found
::1 - - [14/Nov/2025 13:47:35] "HEAD /assets/sounds/pig3.mp3 HTTP/1.1" 404 -
::1 - - [14/Nov/2025 13:47:35] code 404, message File not found
::1 - - [14/Nov/2025 13:47:35] "HEAD /assets/sounds/pig4.mp3 HTTP/1.1" 404 -
::1 - - [14/Nov/2025 13:47:35] code 404, message File not found
::1 - - [14/Nov/2025 13:47:35] "HEAD /assets/sounds/pig5.mp3 HTTP/1.1" 404 -
::1 - - [14/Nov/2025 13:47:35] code 404, message File not found
::1 - - [14/Nov/2025 13:47:35] "HEAD /assets/sounds/pig6.mp3 HTTP/1.1" 404 -
::1 - - [14/Nov/2025 13:47:35] code 404, message File not found
::1 - - [14/Nov/2025 13:47:35] "HEAD /assets/sounds/pig7.mp3 HTTP/1.1" 404 -
::1 - - [14/Nov/2025 13:47:35] code 404, message File not found
::1 - - [14/Nov/2025 13:47:35] "HEAD /assets/sounds/pig8.mp3 HTTP/1.1" 404 -
::1 - - [14/Nov/2025 13:47:35] code 404, message File not found
::1 - - [14/Nov/2025 13:47:35] "HEAD /assets/sounds/pig9.mp3 HTTP/1.1" 404 -
::1 - - [14/Nov/2025 13:47:35] "GET /assets/sounds/pig0.mp3 HTTP/1.1" 200 -
::1 - - [14/Nov/2025 13:47:41] code 404, message File not found
::1 - - [14/Nov/2025 13:47:41] "HEAD /assets/images/photos/dog0.png HTTP/1.1" 404 -
::1 - - [14/Nov/2025 13:47:41] code 404, message File not found
::1 - - [14/Nov/2025 13:47:41] "HEAD /assets/images/photos/dog1.png HTTP/1.1" 404 -
::1 - - [14/Nov/2025 13:47:41] code 404, message File not found
::1 - - [14/Nov/2025 13:47:41] "HEAD /assets/images/photos/dog2.png HTTP/1.1" 404 -
::1 - - [14/Nov/2025 13:47:41] code 404, message File not found
::1 - - [14/Nov/2025 13:47:41] "HEAD /assets/images/photos/dog3.png HTTP/1.1" 404 -
::1 - - [14/Nov/2025 13:47:41] code 404, message File not found
::1 - - [14/Nov/2025 13:47:41] "HEAD /assets/images/photos/dog4.png HTTP/1.1" 404 -
::1 - - [14/Nov/2025 13:47:41] code 404, message File not found
::1 - - [14/Nov/2025 13:47:41] "HEAD /assets/images/photos/dog5.png HTTP/1.1" 404 -
::1 - - [14/Nov/2025 13:47:41] code 404, message File not found
::1 - - [14/Nov/2025 13:47:41] code 404, message File not found
::1 - - [14/Nov/2025 13:47:41] "HEAD /assets/images/photos/dog6.png HTTP/1.1" 404 -
::1 - - [14/Nov/2025 13:47:41] code 404, message File not found
::1 - - [14/Nov/2025 13:47:41] "HEAD /assets/images/photos/dog7.png HTTP/1.1" 404 -
::1 - - [14/Nov/2025 13:47:41] "HEAD /assets/images/photos/dog8.png HTTP/1.1" 404 -
::1 - - [14/Nov/2025 13:47:41] code 404, message File not found
::1 - - [14/Nov/2025 13:47:41] "HEAD /assets/images/photos/dog9.png HTTP/1.1" 404 -
::1 - - [14/Nov/2025 13:47:41] code 404, message File not found
::1 - - [14/Nov/2025 13:47:41] "HEAD /assets/images/photos/cat0.png HTTP/1.1" 404 -
::1 - - [14/Nov/2025 13:47:41] code 404, message File not found
::1 - - [14/Nov/2025 13:47:41] "HEAD /assets/images/photos/cat1.png HTTP/1.1" 404 -
::1 - - [14/Nov/2025 13:47:41] code 404, message File not found
::1 - - [14/Nov/2025 13:47:41] code 404, message File not found
::1 - - [14/Nov/2025 13:47:41] "HEAD /assets/images/photos/cat2.png HTTP/1.1" 404 -
::1 - - [14/Nov/2025 13:47:41] "HEAD /assets/images/photos/cat3.png HTTP/1.1" 404 -
::1 - - [14/Nov/2025 13:47:41] code 404, message File not found
::1 - - [14/Nov/2025 13:47:41] "HEAD /assets/images/photos/cat4.png HTTP/1.1" 404 -
::1 - - [14/Nov/2025 13:47:41] code 404, message File not found
::1 - - [14/Nov/2025 13:47:41] code 404, message File not found
::1 - - [14/Nov/2025 13:47:41] "HEAD /assets/images/photos/cat5.png HTTP/1.1" 404 -
::1 - - [14/Nov/2025 13:47:41] code 404, message File not found
::1 - - [14/Nov/2025 13:47:41] "HEAD /assets/images/photos/cat6.png HTTP/1.1" 404 -
::1 - - [14/Nov/2025 13:47:41] "HEAD /assets/images/photos/cat7.png HTTP/1.1" 404 -
::1 - - [14/Nov/2025 13:47:41] code 404, message File not found
::1 - - [14/Nov/2025 13:47:41] "HEAD /assets/images/photos/cat8.png HTTP/1.1" 404 -
::1 - - [14/Nov/2025 13:47:41] code 404, message File not found
::1 - - [14/Nov/2025 13:47:41] "HEAD /assets/images/photos/cat9.png HTTP/1.1" 404 -
::1 - - [14/Nov/2025 13:47:41] code 404, message File not found
::1 - - [14/Nov/2025 13:47:41] "HEAD /assets/images/photos/pig0.png HTTP/1.1" 404 -
::1 - - [14/Nov/2025 13:47:41] code 404, message File not found
::1 - - [14/Nov/2025 13:47:41] "HEAD /assets/images/photos/pig1.png HTTP/1.1" 404 -
::1 - - [14/Nov/2025 13:47:41] code 404, message File not found
::1 - - [14/Nov/2025 13:47:41] "HEAD /assets/images/photos/pig2.png HTTP/1.1" 404 -
::1 - - [14/Nov/2025 13:47:41] code 404, message File not found
::1 - - [14/Nov/2025 13:47:41] "HEAD /assets/images/photos/pig3.png HTTP/1.1" 404 -
::1 - - [14/Nov/2025 13:47:41] code 404, message File not found
::1 - - [14/Nov/2025 13:47:41] "HEAD /assets/images/photos/pig4.png HTTP/1.1" 404 -
::1 - - [14/Nov/2025 13:47:41] code 404, message File not found
::1 - - [14/Nov/2025 13:47:41] "HEAD /assets/images/photos/pig5.png HTTP/1.1" 404 -
::1 - - [14/Nov/2025 13:47:41] code 404, message File not found
::1 - - [14/Nov/2025 13:47:41] "HEAD /assets/images/photos/pig6.png HTTP/1.1" 404 -
::1 - - [14/Nov/2025 13:47:41] code 404, message File not found
::1 - - [14/Nov/2025 13:47:41] code 404, message File not found
::1 - - [14/Nov/2025 13:47:41] "HEAD /assets/images/photos/pig7.png HTTP/1.1" 404 -
::1 - - [14/Nov/2025 13:47:41] code 404, message File not found
::1 - - [14/Nov/2025 13:47:41] "HEAD /assets/images/photos/pig8.png HTTP/1.1" 404 -
::1 - - [14/Nov/2025 13:47:41] "HEAD /assets/images/photos/pig9.png HTTP/1.1" 404 -
::1 - - [14/Nov/2025 13:47:41] code 404, message File not found
::1 - - [14/Nov/2025 13:47:41] code 404, message File not found
::1 - - [14/Nov/2025 13:47:41] code 404, message File not found
::1 - - [14/Nov/2025 13:47:41] "HEAD /assets/images/photos/goat1.png HTTP/1.1" 404 -
::1 - - [14/Nov/2025 13:47:41] "HEAD /assets/images/photos/goat2.png HTTP/1.1" 404 -
::1 - - [14/Nov/2025 13:47:41] "HEAD /assets/images/photos/goat0.png HTTP/1.1" 404 -
::1 - - [14/Nov/2025 13:47:41] code 404, message File not found
::1 - - [14/Nov/2025 13:47:41] code 404, message File not found
::1 - - [14/Nov/2025 13:47:41] code 404, message File not found
::1 - - [14/Nov/2025 13:47:41] code 404, message File not found
::1 - - [14/Nov/2025 13:47:41] "HEAD /assets/images/photos/goat6.png HTTP/1.1" 404 -
::1 - - [14/Nov/2025 13:47:41] code 404, message File not found
::1 - - [14/Nov/2025 13:47:41] "HEAD /assets/images/photos/goat4.png HTTP/1.1" 404 -
::1 - - [14/Nov/2025 13:47:41] code 404, message File not found
::1 - - [14/Nov/2025 13:47:41] "HEAD /assets/images/photos/goat8.png HTTP/1.1" 404 -
::1 - - [14/Nov/2025 13:47:41] "HEAD /assets/images/photos/goat3.png HTTP/1.1" 404 -
::1 - - [14/Nov/2025 13:47:41] "HEAD /assets/images/photos/goat5.png HTTP/1.1" 404 -
::1 - - [14/Nov/2025 13:47:41] "HEAD /assets/images/photos/goat7.png HTTP/1.1" 404 -
::1 - - [14/Nov/2025 13:47:41] code 404, message File not found
::1 - - [14/Nov/2025 13:47:41] code 404, message File not found
::1 - - [14/Nov/2025 13:47:41] "HEAD /assets/images/photos/goat9.png HTTP/1.1" 404 -
::1 - - [14/Nov/2025 13:47:41] "HEAD /assets/images/photos/chicken0.png HTTP/1.1" 404 -
::1 - - [14/Nov/2025 13:47:41] code 404, message File not found
::1 - - [14/Nov/2025 13:47:41] code 404, message File not found
::1 - - [14/Nov/2025 13:47:41] code 404, message File not found
::1 - - [14/Nov/2025 13:47:41] code 404, message File not found
::1 - - [14/Nov/2025 13:47:41] code 404, message File not found
::1 - - [14/Nov/2025 13:47:41] "HEAD /assets/images/photos/chicken2.png HTTP/1.1" 404 -
::1 - - [14/Nov/2025 13:47:41] code 404, message File not found
::1 - - [14/Nov/2025 13:47:41] "HEAD /assets/images/photos/chicken3.png HTTP/1.1" 404 -
::1 - - [14/Nov/2025 13:47:41] "HEAD /assets/images/photos/chicken1.png HTTP/1.1" 404 -
::1 - - [14/Nov/2025 13:47:41] "HEAD /assets/images/photos/chicken4.png HTTP/1.1" 404 -
::1 - - [14/Nov/2025 13:47:41] "HEAD /assets/images/photos/chicken5.png HTTP/1.1" 404 -
::1 - - [14/Nov/2025 13:47:41] "HEAD /assets/images/photos/chicken6.png HTTP/1.1" 404 -
::1 - - [14/Nov/2025 13:47:41] code 404, message File not found
::1 - - [14/Nov/2025 13:47:41] code 404, message File not found
::1 - - [14/Nov/2025 13:47:41] "HEAD /assets/images/photos/chicken7.png HTTP/1.1" 404 -
::1 - - [14/Nov/2025 13:47:41] "HEAD /assets/images/photos/chicken9.png HTTP/1.1" 404 -
::1 - - [14/Nov/2025 13:47:41] code 404, message File not found
::1 - - [14/Nov/2025 13:47:41] code 404, message File not found
::1 - - [14/Nov/2025 13:47:41] code 404, message File not found
::1 - - [14/Nov/2025 13:47:41] "HEAD /assets/images/photos/chicken8.png HTTP/1.1" 404 -
::1 - - [14/Nov/2025 13:47:41] code 404, message File not found
::1 - - [14/Nov/2025 13:47:41] code 404, message File not found
::1 - - [14/Nov/2025 13:47:41] code 404, message File not found
::1 - - [14/Nov/2025 13:47:41] "HEAD /assets/images/photos/bird1.png HTTP/1.1" 404 -
::1 - - [14/Nov/2025 13:47:41] "HEAD /assets/images/photos/bird4.png HTTP/1.1" 404 -
::1 - - [14/Nov/2025 13:47:41] "HEAD /assets/images/photos/bird3.png HTTP/1.1" 404 -
::1 - - [14/Nov/2025 13:47:41] "HEAD /assets/images/photos/bird2.png HTTP/1.1" 404 -
::1 - - [14/Nov/2025 13:47:41] "HEAD /assets/images/photos/bird0.png HTTP/1.1" 404 -
::1 - - [14/Nov/2025 13:47:41] code 404, message File not found
::1 - - [14/Nov/2025 13:47:41] code 404, message File not found
::1 - - [14/Nov/2025 13:47:41] code 404, message File not found
::1 - - [14/Nov/2025 13:47:41] code 404, message File not found
::1 - - [14/Nov/2025 13:47:41] code 404, message File not found
::1 - - [14/Nov/2025 13:47:41] code 404, message File not found
::1 - - [14/Nov/2025 13:47:41] "HEAD /assets/images/photos/bird5.png HTTP/1.1" 404 -
::1 - - [14/Nov/2025 13:47:41] "HEAD /assets/images/photos/truck0.png HTTP/1.1" 404 -
::1 - - [14/Nov/2025 13:47:41] "HEAD /assets/images/photos/bird7.png HTTP/1.1" 404 -
::1 - - [14/Nov/2025 13:47:41] "HEAD /assets/images/photos/bird8.png HTTP/1.1" 404 -
::1 - - [14/Nov/2025 13:47:41] "HEAD /assets/images/photos/bird6.png HTTP/1.1" 404 -
::1 - - [14/Nov/2025 13:47:41] "HEAD /assets/images/photos/bird9.png HTTP/1.1" 404 -
::1 - - [14/Nov/2025 13:47:41] code 404, message File not found
::1 - - [14/Nov/2025 13:47:41] code 404, message File not found
::1 - - [14/Nov/2025 13:47:41] "HEAD /assets/images/photos/truck1.png HTTP/1.1" 404 -
::1 - - [14/Nov/2025 13:47:41] code 404, message File not found
::1 - - [14/Nov/2025 13:47:41] "HEAD /assets/images/photos/truck3.png HTTP/1.1" 404 -
::1 - - [14/Nov/2025 13:47:41] code 404, message File not found
::1 - - [14/Nov/2025 13:47:41] "HEAD /assets/images/photos/truck4.png HTTP/1.1" 404 -
::1 - - [14/Nov/2025 13:47:41] code 404, message File not found
::1 - - [14/Nov/2025 13:47:41] code 404, message File not found
::1 - - [14/Nov/2025 13:47:41] "HEAD /assets/images/photos/truck2.png HTTP/1.1" 404 -
::1 - - [14/Nov/2025 13:47:41] "HEAD /assets/images/photos/truck6.png HTTP/1.1" 404 -
::1 - - [14/Nov/2025 13:47:41] code 404, message File not found
::1 - - [14/Nov/2025 13:47:41] "HEAD /assets/images/photos/truck5.png HTTP/1.1" 404 -
::1 - - [14/Nov/2025 13:47:41] code 404, message File not found
::1 - - [14/Nov/2025 13:47:41] code 404, message File not found
::1 - - [14/Nov/2025 13:47:41] "HEAD /assets/images/photos/truck7.png HTTP/1.1" 404 -
::1 - - [14/Nov/2025 13:47:41] code 404, message File not found
::1 - - [14/Nov/2025 13:47:41] "HEAD /assets/images/photos/monkey0.png HTTP/1.1" 404 -
::1 - - [14/Nov/2025 13:47:41] "HEAD /assets/images/photos/truck8.png HTTP/1.1" 404 -
::1 - - [14/Nov/2025 13:47:41] "HEAD /assets/images/photos/monkey1.png HTTP/1.1" 404 -
::1 - - [14/Nov/2025 13:47:41] code 404, message File not found
::1 - - [14/Nov/2025 13:47:41] code 404, message File not found
::1 - - [14/Nov/2025 13:47:41] "HEAD /assets/images/photos/truck9.png HTTP/1.1" 404 -
::1 - - [14/Nov/2025 13:47:41] code 404, message File not found
::1 - - [14/Nov/2025 13:47:41] "HEAD /assets/images/photos/monkey2.png HTTP/1.1" 404 -
::1 - - [14/Nov/2025 13:47:41] code 404, message File not found
::1 - - [14/Nov/2025 13:47:41] "HEAD /assets/images/photos/monkey3.png HTTP/1.1" 404 -
::1 - - [14/Nov/2025 13:47:41] code 404, message File not found
::1 - - [14/Nov/2025 13:47:41] code 404, message File not found
::1 - - [14/Nov/2025 13:47:41] "HEAD /assets/images/photos/monkey4.png HTTP/1.1" 404 -
::1 - - [14/Nov/2025 13:47:41] code 404, message File not found
::1 - - [14/Nov/2025 13:47:41] "HEAD /assets/images/photos/monkey6.png HTTP/1.1" 404 -
::1 - - [14/Nov/2025 13:47:41] "HEAD /assets/images/photos/monkey7.png HTTP/1.1" 404 -
::1 - - [14/Nov/2025 13:47:41] code 404, message File not found
::1 - - [14/Nov/2025 13:47:41] code 404, message File not found
::1 - - [14/Nov/2025 13:47:41] "HEAD /assets/images/photos/monkey5.png HTTP/1.1" 404 -
::1 - - [14/Nov/2025 13:47:41] code 404, message File not found
::1 - - [14/Nov/2025 13:47:41] code 404, message File not found
::1 - - [14/Nov/2025 13:47:41] "HEAD /assets/images/photos/monkey8.png HTTP/1.1" 404 -
::1 - - [14/Nov/2025 13:47:41] code 404, message File not found
::1 - - [14/Nov/2025 13:47:41] "HEAD /assets/images/photos/monkey9.png HTTP/1.1" 404 -
::1 - - [14/Nov/2025 13:47:41] code 404, message File not found
::1 - - [14/Nov/2025 13:47:41] "HEAD /assets/images/photos/police2.png HTTP/1.1" 404 -
::1 - - [14/Nov/2025 13:47:41] "HEAD /assets/images/photos/police.png HTTP/1.1" 404 -
::1 - - [14/Nov/2025 13:47:41] "HEAD /assets/images/photos/police0.png HTTP/1.1" 404 -
::1 - - [14/Nov/2025 13:47:41] "HEAD /assets/images/photos/police1.png HTTP/1.1" 404 -
::1 - - [14/Nov/2025 13:47:41] code 404, message File not found
::1 - - [14/Nov/2025 13:47:41] code 404, message File not found
::1 - - [14/Nov/2025 13:47:41] "HEAD /assets/images/photos/police3.png HTTP/1.1" 404 -
::1 - - [14/Nov/2025 13:47:41] code 404, message File not found
::1 - - [14/Nov/2025 13:47:41] code 404, message File not found
::1 - - [14/Nov/2025 13:47:41] code 404, message File not found
::1 - - [14/Nov/2025 13:47:41] "HEAD /assets/images/photos/police6.png HTTP/1.1" 404 -
::1 - - [14/Nov/2025 13:47:41] "HEAD /assets/images/photos/police7.png HTTP/1.1" 404 -
::1 - - [14/Nov/2025 13:47:41] "HEAD /assets/images/photos/police8.png HTTP/1.1" 404 -
::1 - - [14/Nov/2025 13:47:41] "HEAD /assets/images/photos/police4.png HTTP/1.1" 404 -
::1 - - [14/Nov/2025 13:47:41] code 404, message File not found
::1 - - [14/Nov/2025 13:47:41] "HEAD /assets/images/photos/police5.png HTTP/1.1" 404 -
::1 - - [14/Nov/2025 13:47:41] code 404, message File not found
::1 - - [14/Nov/2025 13:47:41] "HEAD /assets/images/photos/police9.png HTTP/1.1" 404 -
::1 - - [14/Nov/2025 13:47:41] code 404, message File not found
::1 - - [14/Nov/2025 13:47:41] "HEAD /assets/sounds/goat0.mp3 HTTP/1.1" 404 -
::1 - - [14/Nov/2025 13:47:41] code 404, message File not found
::1 - - [14/Nov/2025 13:47:41] "GET /assets/images/photos/police.png HTTP/1.1" 404 -
::1 - - [14/Nov/2025 13:47:41] code 404, message File not found
::1 - - [14/Nov/2025 13:47:41] "HEAD /assets/sounds/goat1.mp3 HTTP/1.1" 404 -
::1 - - [14/Nov/2025 13:47:41] code 404, message File not found
::1 - - [14/Nov/2025 13:47:41] "HEAD /assets/sounds/goat2.mp3 HTTP/1.1" 404 -
::1 - - [14/Nov/2025 13:47:41] code 404, message File not found
::1 - - [14/Nov/2025 13:47:41] "HEAD /assets/sounds/goat3.mp3 HTTP/1.1" 404 -
::1 - - [14/Nov/2025 13:47:41] code 404, message File not found
::1 - - [14/Nov/2025 13:47:41] "HEAD /assets/sounds/goat4.mp3 HTTP/1.1" 404 -
::1 - - [14/Nov/2025 13:47:41] code 404, message File not found
::1 - - [14/Nov/2025 13:47:41] "HEAD /assets/sounds/goat5.mp3 HTTP/1.1" 404 -
::1 - - [14/Nov/2025 13:47:41] code 404, message File not found
::1 - - [14/Nov/2025 13:47:41] "HEAD /assets/sounds/goat6.mp3 HTTP/1.1" 404 -
::1 - - [14/Nov/2025 13:47:41] code 404, message File not found
::1 - - [14/Nov/2025 13:47:41] "HEAD /assets/sounds/goat7.mp3 HTTP/1.1" 404 -
::1 - - [14/Nov/2025 13:47:41] code 404, message File not found
::1 - - [14/Nov/2025 13:47:41] "HEAD /assets/sounds/goat8.mp3 HTTP/1.1" 404 -
::1 - - [14/Nov/2025 13:47:41] code 404, message File not found
::1 - - [14/Nov/2025 13:47:41] "HEAD /assets/sounds/goat9.mp3 HTTP/1.1" 404 -
::1 - - [14/Nov/2025 13:53:49] "GET /app.js HTTP/1.1" 200 -
::1 - - [14/Nov/2025 13:54:01] code 404, message File not found
::1 - - [14/Nov/2025 13:54:01] code 404, message File not found
::1 - - [14/Nov/2025 13:54:01] code 404, message File not found
::1 - - [14/Nov/2025 13:54:01] "HEAD /assets/images/photos/dog0.png HTTP/1.1" 404 -
::1 - - [14/Nov/2025 13:54:01] "HEAD /assets/images/photos/dog1.png HTTP/1.1" 404 -
::1 - - [14/Nov/2025 13:54:01] "HEAD /assets/images/photos/dog2.png HTTP/1.1" 404 -
::1 - - [14/Nov/2025 13:54:01] code 404, message File not found
::1 - - [14/Nov/2025 13:54:01] "HEAD /assets/images/photos/dog4.png HTTP/1.1" 404 -
::1 - - [14/Nov/2025 13:54:01] code 404, message File not found
::1 - - [14/Nov/2025 13:54:01] code 404, message File not found
::1 - - [14/Nov/2025 13:54:01] "HEAD /assets/images/photos/dog3.png HTTP/1.1" 404 -
::1 - - [14/Nov/2025 13:54:01] "HEAD /assets/images/photos/dog5.png HTTP/1.1" 404 -
::1 - - [14/Nov/2025 13:54:01] code 404, message File not found
::1 - - [14/Nov/2025 13:54:01] "HEAD /assets/images/photos/dog6.png HTTP/1.1" 404 -
::1 - - [14/Nov/2025 13:54:01] code 404, message File not found
::1 - - [14/Nov/2025 13:54:01] "HEAD /assets/images/photos/dog8.png HTTP/1.1" 404 -
::1 - - [14/Nov/2025 13:54:01] code 404, message File not found
::1 - - [14/Nov/2025 13:54:01] "HEAD /assets/images/photos/dog7.png HTTP/1.1" 404 -
::1 - - [14/Nov/2025 13:54:01] code 404, message File not found
::1 - - [14/Nov/2025 13:54:01] code 404, message File not found
::1 - - [14/Nov/2025 13:54:01] "HEAD /assets/images/photos/dog9.png HTTP/1.1" 404 -
::1 - - [14/Nov/2025 13:54:01] code 404, message File not found
::1 - - [14/Nov/2025 13:54:01] "HEAD /assets/images/photos/cat0.png HTTP/1.1" 404 -
::1 - - [14/Nov/2025 13:54:01] "HEAD /assets/images/photos/cat1.png HTTP/1.1" 404 -
::1 - - [14/Nov/2025 13:54:01] code 404, message File not found
::1 - - [14/Nov/2025 13:54:01] code 404, message File not found
::1 - - [14/Nov/2025 13:54:01] code 404, message File not found
::1 - - [14/Nov/2025 13:54:01] code 404, message File not found
::1 - - [14/Nov/2025 13:54:01] code 404, message File not found
::1 - - [14/Nov/2025 13:54:01] code 404, message File not found
::1 - - [14/Nov/2025 13:54:01] "HEAD /assets/images/photos/cat2.png HTTP/1.1" 404 -
::1 - - [14/Nov/2025 13:54:01] "HEAD /assets/images/photos/cat4.png HTTP/1.1" 404 -
::1 - - [14/Nov/2025 13:54:01] "HEAD /assets/images/photos/cat3.png HTTP/1.1" 404 -
::1 - - [14/Nov/2025 13:54:01] "HEAD /assets/images/photos/cat7.png HTTP/1.1" 404 -
::1 - - [14/Nov/2025 13:54:01] "HEAD /assets/images/photos/cat6.png HTTP/1.1" 404 -
::1 - - [14/Nov/2025 13:54:01] "HEAD /assets/images/photos/cat5.png HTTP/1.1" 404 -
::1 - - [14/Nov/2025 13:54:01] code 404, message File not found
::1 - - [14/Nov/2025 13:54:01] code 404, message File not found
::1 - - [14/Nov/2025 13:54:01] code 404, message File not found
::1 - - [14/Nov/2025 13:54:01] "HEAD /assets/images/photos/cat8.png HTTP/1.1" 404 -
::1 - - [14/Nov/2025 13:54:01] "HEAD /assets/images/photos/cat9.png HTTP/1.1" 404 -
::1 - - [14/Nov/2025 13:54:01] code 404, message File not found
::1 - - [14/Nov/2025 13:54:01] code 404, message File not found
::1 - - [14/Nov/2025 13:54:01] "HEAD /assets/images/photos/pig0.png HTTP/1.1" 404 -
::1 - - [14/Nov/2025 13:54:01] code 404, message File not found
::1 - - [14/Nov/2025 13:54:01] "HEAD /assets/images/photos/pig3.png HTTP/1.1" 404 -
::1 - - [14/Nov/2025 13:54:01] "HEAD /assets/images/photos/pig2.png HTTP/1.1" 404 -
::1 - - [14/Nov/2025 13:54:01] "HEAD /assets/images/photos/pig1.png HTTP/1.1" 404 -
::1 - - [14/Nov/2025 13:54:01] code 404, message File not found
::1 - - [14/Nov/2025 13:54:01] code 404, message File not found
::1 - - [14/Nov/2025 13:54:01] code 404, message File not found
::1 - - [14/Nov/2025 13:54:01] "HEAD /assets/images/photos/pig7.png HTTP/1.1" 404 -
::1 - - [14/Nov/2025 13:54:01] code 404, message File not found
::1 - - [14/Nov/2025 13:54:01] "HEAD /assets/images/photos/pig8.png HTTP/1.1" 404 -
::1 - - [14/Nov/2025 13:54:01] code 404, message File not found
::1 - - [14/Nov/2025 13:54:01] "HEAD /assets/images/photos/pig5.png HTTP/1.1" 404 -
::1 - - [14/Nov/2025 13:54:01] "HEAD /assets/images/photos/pig4.png HTTP/1.1" 404 -
::1 - - [14/Nov/2025 13:54:01] "HEAD /assets/images/photos/pig6.png HTTP/1.1" 404 -
::1 - - [14/Nov/2025 13:54:01] code 404, message File not found
::1 - - [14/Nov/2025 13:54:01] "HEAD /assets/images/photos/pig9.png HTTP/1.1" 404 -
::1 - - [14/Nov/2025 13:54:01] code 404, message File not found
::1 - - [14/Nov/2025 13:54:01] "HEAD /assets/images/photos/bird0.png HTTP/1.1" 404 -
::1 - - [14/Nov/2025 13:54:01] code 404, message File not found
::1 - - [14/Nov/2025 13:54:01] "HEAD /assets/images/photos/bird1.png HTTP/1.1" 404 -
::1 - - [14/Nov/2025 13:54:01] code 404, message File not found
::1 - - [14/Nov/2025 13:54:01] "HEAD /assets/images/photos/bird2.png HTTP/1.1" 404 -
::1 - - [14/Nov/2025 13:54:01] code 404, message File not found
::1 - - [14/Nov/2025 13:54:01] "HEAD /assets/images/photos/bird3.png HTTP/1.1" 404 -
::1 - - [14/Nov/2025 13:54:01] code 404, message File not found
::1 - - [14/Nov/2025 13:54:01] "HEAD /assets/images/photos/bird4.png HTTP/1.1" 404 -
::1 - - [14/Nov/2025 13:54:01] code 404, message File not found
::1 - - [14/Nov/2025 13:54:01] "HEAD /assets/images/photos/bird5.png HTTP/1.1" 404 -
::1 - - [14/Nov/2025 13:54:01] code 404, message File not found
::1 - - [14/Nov/2025 13:54:01] "HEAD /assets/images/photos/bird6.png HTTP/1.1" 404 -
::1 - - [14/Nov/2025 13:54:01] code 404, message File not found
::1 - - [14/Nov/2025 13:54:01] "HEAD /assets/images/photos/bird7.png HTTP/1.1" 404 -
::1 - - [14/Nov/2025 13:54:01] code 404, message File not found
::1 - - [14/Nov/2025 13:54:01] "HEAD /assets/images/photos/bird8.png HTTP/1.1" 404 -
::1 - - [14/Nov/2025 13:54:01] code 404, message File not found
::1 - - [14/Nov/2025 13:54:01] "HEAD /assets/images/photos/bird9.png HTTP/1.1" 404 -
::1 - - [14/Nov/2025 13:54:01] "HEAD /assets/sounds/pig.mp3 HTTP/1.1" 200 -
::1 - - [14/Nov/2025 13:54:01] code 404, message File not found
::1 - - [14/Nov/2025 13:54:01] "HEAD /assets/sounds/pig1.mp3 HTTP/1.1" 404 -
::1 - - [14/Nov/2025 13:54:01] code 404, message File not found
::1 - - [14/Nov/2025 13:54:01] "HEAD /assets/sounds/pig2.mp3 HTTP/1.1" 404 -
::1 - - [14/Nov/2025 13:54:01] code 404, message File not found
::1 - - [14/Nov/2025 13:54:01] "HEAD /assets/sounds/pig3.mp3 HTTP/1.1" 404 -
::1 - - [14/Nov/2025 13:54:01] code 404, message File not found
::1 - - [14/Nov/2025 13:54:01] "HEAD /assets/sounds/pig4.mp3 HTTP/1.1" 404 -
::1 - - [14/Nov/2025 13:54:01] code 404, message File not found
::1 - - [14/Nov/2025 13:54:01] "HEAD /assets/sounds/pig5.mp3 HTTP/1.1" 404 -
::1 - - [14/Nov/2025 13:54:01] code 404, message File not found
::1 - - [14/Nov/2025 13:54:01] "HEAD /assets/sounds/pig6.mp3 HTTP/1.1" 404 -
::1 - - [14/Nov/2025 13:54:01] code 404, message File not found
::1 - - [14/Nov/2025 13:54:01] "HEAD /assets/sounds/pig7.mp3 HTTP/1.1" 404 -
::1 - - [14/Nov/2025 13:54:01] code 404, message File not found
::1 - - [14/Nov/2025 13:54:01] "HEAD /assets/sounds/pig8.mp3 HTTP/1.1" 404 -
::1 - - [14/Nov/2025 13:54:01] code 404, message File not found
::1 - - [14/Nov/2025 13:54:01] "HEAD /assets/sounds/pig9.mp3 HTTP/1.1" 404 -
::1 - - [14/Nov/2025 13:54:01] "GET /assets/sounds/pig.mp3 HTTP/1.1" 200 -
::1 - - [14/Nov/2025 13:54:01] code 404, message File not found
::1 - - [14/Nov/2025 13:54:01] "GET /favicon.ico HTTP/1.1" 404 -
::1 - - [14/Nov/2025 13:54:06] code 404, message File not found
::1 - - [14/Nov/2025 13:54:06] "HEAD /assets/sounds/pig1.mp3 HTTP/1.1" 404 -
::1 - - [14/Nov/2025 13:54:06] code 404, message File not found
::1 - - [14/Nov/2025 13:54:06] "HEAD /assets/sounds/pig2.mp3 HTTP/1.1" 404 -
::1 - - [14/Nov/2025 13:54:06] code 404, message File not found
::1 - - [14/Nov/2025 13:54:06] "HEAD /assets/sounds/pig3.mp3 HTTP/1.1" 404 -
::1 - - [14/Nov/2025 13:54:06] code 404, message File not found
::1 - - [14/Nov/2025 13:54:06] "HEAD /assets/sounds/pig4.mp3 HTTP/1.1" 404 -
::1 - - [14/Nov/2025 13:54:06] code 404, message File not found
::1 - - [14/Nov/2025 13:54:06] "HEAD /assets/sounds/pig5.mp3 HTTP/1.1" 404 -
::1 - - [14/Nov/2025 13:54:06] code 404, message File not found
::1 - - [14/Nov/2025 13:54:06] "HEAD /assets/sounds/pig6.mp3 HTTP/1.1" 404 -
::1 - - [14/Nov/2025 13:54:06] code 404, message File not found
::1 - - [14/Nov/2025 13:54:06] "HEAD /assets/sounds/pig7.mp3 HTTP/1.1" 404 -
::1 - - [14/Nov/2025 13:54:06] code 404, message File not found
::1 - - [14/Nov/2025 13:54:06] "HEAD /assets/sounds/pig8.mp3 HTTP/1.1" 404 -
::1 - - [14/Nov/2025 13:54:06] code 404, message File not found
::1 - - [14/Nov/2025 13:54:06] "HEAD /assets/sounds/pig9.mp3 HTTP/1.1" 404 -
::1 - - [14/Nov/2025 14:17:59] "GET / HTTP/1.1" 200 -
::1 - - [14/Nov/2025 14:17:59] "GET /print.js HTTP/1.1" 200 -
::1 - - [14/Nov/2025 14:17:59] "GET /app.js HTTP/1.1" 200 -
::1 - - [14/Nov/2025 14:18:22] code 404, message File not found
::1 - - [14/Nov/2025 14:18:22] "GET /assets/images/photos/rain.png HTTP/1.1" 404 -
::1 - - [14/Nov/2025 14:18:23] code 404, message File not found
::1 - - [14/Nov/2025 14:18:23] "GET /assets/images/photos/rain.png HTTP/1.1" 404 -
::1 - - [14/Nov/2025 14:18:23] "GET /assets/images/photos/cow.png HTTP/1.1" 200 -
::1 - - [14/Nov/2025 14:18:27] code 404, message File not found
::1 - - [14/Nov/2025 14:18:27] "HEAD /assets/images/photos/pig0.png HTTP/1.1" 404 -
::1 - - [14/Nov/2025 14:18:27] code 404, message File not found
::1 - - [14/Nov/2025 14:18:27] "HEAD /assets/images/photos/pig1.png HTTP/1.1" 404 -
::1 - - [14/Nov/2025 14:18:27] code 404, message File not found
::1 - - [14/Nov/2025 14:18:27] "HEAD /assets/images/photos/pig2.png HTTP/1.1" 404 -
::1 - - [14/Nov/2025 14:18:27] code 404, message File not found
::1 - - [14/Nov/2025 14:18:27] "HEAD /assets/images/photos/pig3.png HTTP/1.1" 404 -
::1 - - [14/Nov/2025 14:18:27] code 404, message File not found
::1 - - [14/Nov/2025 14:18:27] "HEAD /assets/images/photos/pig4.png HTTP/1.1" 404 -
::1 - - [14/Nov/2025 14:18:27] code 404, message File not found
::1 - - [14/Nov/2025 14:18:27] "HEAD /assets/images/photos/pig5.png HTTP/1.1" 404 -
::1 - - [14/Nov/2025 14:18:27] code 404, message File not found
::1 - - [14/Nov/2025 14:18:27] "HEAD /assets/images/photos/pig6.png HTTP/1.1" 404 -
::1 - - [14/Nov/2025 14:18:27] code 404, message File not found
::1 - - [14/Nov/2025 14:18:27] "HEAD /assets/images/photos/pig7.png HTTP/1.1" 404 -
::1 - - [14/Nov/2025 14:18:27] code 404, message File not found
::1 - - [14/Nov/2025 14:18:27] "HEAD /assets/images/photos/pig8.png HTTP/1.1" 404 -
::1 - - [14/Nov/2025 14:18:27] code 404, message File not found
::1 - - [14/Nov/2025 14:18:27] "HEAD /assets/images/photos/pig9.png HTTP/1.1" 404 -
::1 - - [14/Nov/2025 14:18:27] code 404, message File not found
::1 - - [14/Nov/2025 14:18:27] "HEAD /assets/images/photos/dog0.png HTTP/1.1" 404 -
::1 - - [14/Nov/2025 14:18:27] code 404, message File not found
::1 - - [14/Nov/2025 14:18:27] "HEAD /assets/images/photos/dog1.png HTTP/1.1" 404 -
::1 - - [14/Nov/2025 14:18:27] code 404, message File not found
::1 - - [14/Nov/2025 14:18:27] "HEAD /assets/images/photos/dog2.png HTTP/1.1" 404 -
::1 - - [14/Nov/2025 14:18:27] code 404, message File not found
::1 - - [14/Nov/2025 14:18:27] "HEAD /assets/images/photos/dog3.png HTTP/1.1" 404 -
::1 - - [14/Nov/2025 14:18:27] code 404, message File not found
::1 - - [14/Nov/2025 14:18:27] code 404, message File not found
::1 - - [14/Nov/2025 14:18:27] code 404, message File not found
::1 - - [14/Nov/2025 14:18:27] "HEAD /assets/images/photos/dog5.png HTTP/1.1" 404 -
::1 - - [14/Nov/2025 14:18:27] "HEAD /assets/images/photos/dog4.png HTTP/1.1" 404 -
::1 - - [14/Nov/2025 14:18:27] code 404, message File not found
::1 - - [14/Nov/2025 14:18:27] code 404, message File not found
::1 - - [14/Nov/2025 14:18:27] "HEAD /assets/images/photos/dog6.png HTTP/1.1" 404 -
::1 - - [14/Nov/2025 14:18:27] code 404, message File not found
::1 - - [14/Nov/2025 14:18:27] "HEAD /assets/images/photos/dog9.png HTTP/1.1" 404 -
::1 - - [14/Nov/2025 14:18:27] "HEAD /assets/images/photos/dog8.png HTTP/1.1" 404 -
::1 - - [14/Nov/2025 14:18:27] "HEAD /assets/images/photos/dog7.png HTTP/1.1" 404 -
::1 - - [14/Nov/2025 14:18:27] code 404, message File not found
::1 - - [14/Nov/2025 14:18:27] code 404, message File not found
::1 - - [14/Nov/2025 14:18:27] "HEAD /assets/images/photos/cat0.png HTTP/1.1" 404 -
::1 - - [14/Nov/2025 14:18:27] "HEAD /assets/images/photos/cat2.png HTTP/1.1" 404 -
::1 - - [14/Nov/2025 14:18:27] code 404, message File not found
::1 - - [14/Nov/2025 14:18:27] code 404, message File not found
::1 - - [14/Nov/2025 14:18:27] code 404, message File not found
::1 - - [14/Nov/2025 14:18:27] code 404, message File not found
::1 - - [14/Nov/2025 14:18:27] code 404, message File not found
::1 - - [14/Nov/2025 14:18:27] "HEAD /assets/images/photos/cat3.png HTTP/1.1" 404 -
::1 - - [14/Nov/2025 14:18:27] code 404, message File not found
::1 - - [14/Nov/2025 14:18:27] "HEAD /assets/images/photos/cat1.png HTTP/1.1" 404 -
::1 - - [14/Nov/2025 14:18:27] "HEAD /assets/images/photos/cat4.png HTTP/1.1" 404 -
::1 - - [14/Nov/2025 14:18:27] "HEAD /assets/images/photos/cat5.png HTTP/1.1" 404 -
::1 - - [14/Nov/2025 14:18:27] "HEAD /assets/images/photos/cat6.png HTTP/1.1" 404 -
::1 - - [14/Nov/2025 14:18:27] "HEAD /assets/images/photos/cat7.png HTTP/1.1" 404 -
::1 - - [14/Nov/2025 14:18:27] code 404, message File not found
::1 - - [14/Nov/2025 14:18:27] code 404, message File not found
::1 - - [14/Nov/2025 14:18:27] "HEAD /assets/images/photos/cat8.png HTTP/1.1" 404 -
::1 - - [14/Nov/2025 14:18:27] "HEAD /assets/images/photos/cat9.png HTTP/1.1" 404 -
::1 - - [14/Nov/2025 14:18:27] code 404, message File not found
::1 - - [14/Nov/2025 14:18:27] code 404, message File not found
::1 - - [14/Nov/2025 14:18:27] "HEAD /assets/images/photos/bird0.png HTTP/1.1" 404 -
::1 - - [14/Nov/2025 14:18:27] code 404, message File not found
::1 - - [14/Nov/2025 14:18:27] code 404, message File not found
::1 - - [14/Nov/2025 14:18:27] "HEAD /assets/images/photos/bird4.png HTTP/1.1" 404 -
::1 - - [14/Nov/2025 14:18:27] "HEAD /assets/images/photos/bird3.png HTTP/1.1" 404 -
::1 - - [14/Nov/2025 14:18:27] code 404, message File not found
::1 - - [14/Nov/2025 14:18:27] code 404, message File not found
::1 - - [14/Nov/2025 14:18:27] "HEAD /assets/images/photos/bird1.png HTTP/1.1" 404 -
::1 - - [14/Nov/2025 14:18:27] "HEAD /assets/images/photos/bird2.png HTTP/1.1" 404 -
::1 - - [14/Nov/2025 14:18:27] "HEAD /assets/images/photos/bird5.png HTTP/1.1" 404 -
::1 - - [14/Nov/2025 14:18:27] code 404, message File not found
::1 - - [14/Nov/2025 14:18:27] code 404, message File not found
::1 - - [14/Nov/2025 14:18:27] code 404, message File not found
::1 - - [14/Nov/2025 14:18:27] code 404, message File not found
::1 - - [14/Nov/2025 14:18:27] "HEAD /assets/images/photos/bird8.png HTTP/1.1" 404 -
::1 - - [14/Nov/2025 14:18:27] "HEAD /assets/images/photos/rain.png HTTP/1.1" 404 -
::1 - - [14/Nov/2025 14:18:27] code 404, message File not found
::1 - - [14/Nov/2025 14:18:27] "HEAD /assets/images/photos/bird6.png HTTP/1.1" 404 -
::1 - - [14/Nov/2025 14:18:27] "HEAD /assets/images/photos/bird9.png HTTP/1.1" 404 -
::1 - - [14/Nov/2025 14:18:27] code 404, message File not found
::1 - - [14/Nov/2025 14:18:27] "HEAD /assets/images/photos/rain0.png HTTP/1.1" 404 -
::1 - - [14/Nov/2025 14:18:27] "HEAD /assets/images/photos/bird7.png HTTP/1.1" 404 -
::1 - - [14/Nov/2025 14:18:27] code 404, message File not found
::1 - - [14/Nov/2025 14:18:27] code 404, message File not found
::1 - - [14/Nov/2025 14:18:27] "HEAD /assets/images/photos/rain1.png HTTP/1.1" 404 -
::1 - - [14/Nov/2025 14:18:27] "HEAD /assets/images/photos/rain2.png HTTP/1.1" 404 -
::1 - - [14/Nov/2025 14:18:27] code 404, message File not found
::1 - - [14/Nov/2025 14:18:27] code 404, message File not found
::1 - - [14/Nov/2025 14:18:27] "HEAD /assets/images/photos/rain5.png HTTP/1.1" 404 -
::1 - - [14/Nov/2025 14:18:27] "HEAD /assets/images/photos/rain3.png HTTP/1.1" 404 -
::1 - - [14/Nov/2025 14:18:27] code 404, message File not found
::1 - - [14/Nov/2025 14:18:27] code 404, message File not found
::1 - - [14/Nov/2025 14:18:27] code 404, message File not found
::1 - - [14/Nov/2025 14:18:27] code 404, message File not found
::1 - - [14/Nov/2025 14:18:27] "HEAD /assets/images/photos/rain4.png HTTP/1.1" 404 -
::1 - - [14/Nov/2025 14:18:27] "HEAD /assets/images/photos/rain7.png HTTP/1.1" 404 -
::1 - - [14/Nov/2025 14:18:27] "HEAD /assets/images/photos/rain6.png HTTP/1.1" 404 -
::1 - - [14/Nov/2025 14:18:27] code 404, message File not found
::1 - - [14/Nov/2025 14:18:27] code 404, message File not found
::1 - - [14/Nov/2025 14:18:27] "HEAD /assets/images/photos/rain8.png HTTP/1.1" 404 -
::1 - - [14/Nov/2025 14:18:27] code 404, message File not found
::1 - - [14/Nov/2025 14:18:27] "HEAD /assets/images/photos/cow1.png HTTP/1.1" 404 -
::1 - - [14/Nov/2025 14:18:27] code 404, message File not found
::1 - - [14/Nov/2025 14:18:27] "HEAD /assets/images/photos/cow2.png HTTP/1.1" 404 -
::1 - - [14/Nov/2025 14:18:27] code 404, message File not found
::1 - - [14/Nov/2025 14:18:27] "HEAD /assets/images/photos/cow0.png HTTP/1.1" 404 -
::1 - - [14/Nov/2025 14:18:27] code 404, message File not found
::1 - - [14/Nov/2025 14:18:27] "HEAD /assets/images/photos/cow4.png HTTP/1.1" 404 -
::1 - - [14/Nov/2025 14:18:27] code 404, message File not found
::1 - - [14/Nov/2025 14:18:27] "HEAD /assets/images/photos/rain9.png HTTP/1.1" 404 -
::1 - - [14/Nov/2025 14:18:27] "HEAD /assets/images/photos/cow5.png HTTP/1.1" 404 -
::1 - - [14/Nov/2025 14:18:27] "HEAD /assets/images/photos/cow3.png HTTP/1.1" 404 -
::1 - - [14/Nov/2025 14:18:27] code 404, message File not found
::1 - - [14/Nov/2025 14:18:27] code 404, message File not found
::1 - - [14/Nov/2025 14:18:27] "HEAD /assets/images/photos/cow6.png HTTP/1.1" 404 -
::1 - - [14/Nov/2025 14:18:27] code 404, message File not found
::1 - - [14/Nov/2025 14:18:27] "HEAD /assets/images/photos/cow7.png HTTP/1.1" 404 -
::1 - - [14/Nov/2025 14:18:27] "HEAD /assets/images/photos/cow8.png HTTP/1.1" 404 -
::1 - - [14/Nov/2025 14:18:27] code 404, message File not found
::1 - - [14/Nov/2025 14:18:27] "HEAD /assets/images/photos/cow9.png HTTP/1.1" 404 -
::1 - - [14/Nov/2025 14:18:27] code 404, message File not found
::1 - - [14/Nov/2025 14:18:27] "GET /assets/images/photos/rain.png HTTP/1.1" 404 -
::1 - - [14/Nov/2025 14:18:27] "HEAD /assets/sounds/bird.mp3 HTTP/1.1" 200 -
::1 - - [14/Nov/2025 14:18:27] "HEAD /assets/sounds/bird1.mp3 HTTP/1.1" 200 -
::1 - - [14/Nov/2025 14:18:27] "HEAD /assets/sounds/bird2.mp3 HTTP/1.1" 200 -
::1 - - [14/Nov/2025 14:18:27] code 404, message File not found
::1 - - [14/Nov/2025 14:18:27] "HEAD /assets/sounds/bird3.mp3 HTTP/1.1" 404 -
::1 - - [14/Nov/2025 14:18:27] code 404, message File not found
::1 - - [14/Nov/2025 14:18:27] "HEAD /assets/sounds/bird4.mp3 HTTP/1.1" 404 -
::1 - - [14/Nov/2025 14:18:27] code 404, message File not found
::1 - - [14/Nov/2025 14:18:27] "HEAD /assets/sounds/bird5.mp3 HTTP/1.1" 404 -
::1 - - [14/Nov/2025 14:18:27] code 404, message File not found
::1 - - [14/Nov/2025 14:18:27] "HEAD /assets/sounds/bird6.mp3 HTTP/1.1" 404 -
::1 - - [14/Nov/2025 14:18:27] code 404, message File not found
::1 - - [14/Nov/2025 14:18:27] "HEAD /assets/sounds/bird7.mp3 HTTP/1.1" 404 -
::1 - - [14/Nov/2025 14:18:27] code 404, message File not found
::1 - - [14/Nov/2025 14:18:27] "HEAD /assets/sounds/bird8.mp3 HTTP/1.1" 404 -
::1 - - [14/Nov/2025 14:18:27] code 404, message File not found
::1 - - [14/Nov/2025 14:18:27] "HEAD /assets/sounds/bird9.mp3 HTTP/1.1" 404 -
::1 - - [14/Nov/2025 14:18:27] "GET /assets/sounds/bird1.mp3 HTTP/1.1" 200 -
::1 - - [14/Nov/2025 14:18:27] code 404, message File not found
::1 - - [14/Nov/2025 14:18:27] "GET /favicon.ico HTTP/1.1" 404 -
::1 - - [17/Nov/2025 09:17:35] "GET / HTTP/1.1" 200 -
::1 - - [17/Nov/2025 09:17:35] "GET /styles.css HTTP/1.1" 304 -
::1 - - [17/Nov/2025 09:17:35] "GET /audio.js HTTP/1.1" 200 -
::1 - - [17/Nov/2025 09:17:35] "GET /localization.js HTTP/1.1" 200 -
::1 - - [17/Nov/2025 09:17:35] "GET /settings.js HTTP/1.1" 304 -
::1 - - [17/Nov/2025 09:17:35] "GET /print.js HTTP/1.1" 200 -
::1 - - [17/Nov/2025 09:17:35] "GET /app.js HTTP/1.1" 200 -
::1 - - [17/Nov/2025 09:17:35] "GET /cards.js HTTP/1.1" 304 -
::1 - - [17/Nov/2025 09:17:35] "GET /subjects.json HTTP/1.1" 304 -
::1 - - [17/Nov/2025 09:17:40] "GET /assets/images/photos/goat.png HTTP/1.1" 304 -
::1 - - [17/Nov/2025 09:17:41] "GET /assets/images/photos/cow.png HTTP/1.1" 304 -
::1 - - [17/Nov/2025 09:17:42] "GET /assets/images/photos/pig.png HTTP/1.1" 304 -
::1 - - [17/Nov/2025 09:17:43] "GET /assets/images/photos/sheep.png HTTP/1.1" 200 -
::1 - - [17/Nov/2025 09:17:44] "GET /assets/images/photos/dog.png HTTP/1.1" 304 -
::1 - - [17/Nov/2025 09:17:46] "GET /assets/images/photos/cat.png HTTP/1.1" 304 -
::1 - - [17/Nov/2025 09:17:57] code 404, message File not found
::1 - - [17/Nov/2025 09:17:57] "HEAD /assets/images/photos/goat0.png HTTP/1.1" 404 -
::1 - - [17/Nov/2025 09:17:57] code 404, message File not found
::1 - - [17/Nov/2025 09:17:57] code 404, message File not found
::1 - - [17/Nov/2025 09:17:57] "HEAD /assets/images/photos/goat1.png HTTP/1.1" 404 -
::1 - - [17/Nov/2025 09:17:57] "HEAD /assets/images/photos/goat2.png HTTP/1.1" 404 -
::1 - - [17/Nov/2025 09:17:57] code 404, message File not found
::1 - - [17/Nov/2025 09:17:57] "HEAD /assets/images/photos/goat3.png HTTP/1.1" 404 -
::1 - - [17/Nov/2025 09:17:57] code 404, message File not found
::1 - - [17/Nov/2025 09:17:57] "HEAD /assets/images/photos/goat4.png HTTP/1.1" 404 -
::1 - - [17/Nov/2025 09:17:57] code 404, message File not found
::1 - - [17/Nov/2025 09:17:57] "HEAD /assets/images/photos/goat5.png HTTP/1.1" 404 -
::1 - - [17/Nov/2025 09:17:57] code 404, message File not found
::1 - - [17/Nov/2025 09:17:57] "HEAD /assets/images/photos/goat6.png HTTP/1.1" 404 -
::1 - - [17/Nov/2025 09:17:57] code 404, message File not found
::1 - - [17/Nov/2025 09:17:57] code 404, message File not found
::1 - - [17/Nov/2025 09:17:57] "HEAD /assets/images/photos/goat7.png HTTP/1.1" 404 -
::1 - - [17/Nov/2025 09:17:57] "HEAD /assets/images/photos/goat9.png HTTP/1.1" 404 -
::1 - - [17/Nov/2025 09:17:57] code 404, message File not found
::1 - - [17/Nov/2025 09:17:57] "HEAD /assets/images/photos/goat8.png HTTP/1.1" 404 -
::1 - - [17/Nov/2025 09:17:57] code 404, message File not found
::1 - - [17/Nov/2025 09:17:57] "HEAD /assets/images/photos/cow0.png HTTP/1.1" 404 -
::1 - - [17/Nov/2025 09:17:57] code 404, message File not found
::1 - - [17/Nov/2025 09:17:57] "HEAD /assets/images/photos/cow1.png HTTP/1.1" 404 -
::1 - - [17/Nov/2025 09:17:57] code 404, message File not found
::1 - - [17/Nov/2025 09:17:57] "HEAD /assets/images/photos/cow2.png HTTP/1.1" 404 -
::1 - - [17/Nov/2025 09:17:57] code 404, message File not found
::1 - - [17/Nov/2025 09:17:57] "HEAD /assets/images/photos/cow3.png HTTP/1.1" 404 -
::1 - - [17/Nov/2025 09:17:57] code 404, message File not found
::1 - - [17/Nov/2025 09:17:57] "HEAD /assets/images/photos/cow4.png HTTP/1.1" 404 -
::1 - - [17/Nov/2025 09:17:57] code 404, message File not found
::1 - - [17/Nov/2025 09:17:57] "HEAD /assets/images/photos/cow5.png HTTP/1.1" 404 -
::1 - - [17/Nov/2025 09:17:57] code 404, message File not found
::1 - - [17/Nov/2025 09:17:57] "HEAD /assets/images/photos/cow6.png HTTP/1.1" 404 -
::1 - - [17/Nov/2025 09:17:57] code 404, message File not found
::1 - - [17/Nov/2025 09:17:57] "HEAD /assets/images/photos/cow7.png HTTP/1.1" 404 -
::1 - - [17/Nov/2025 09:17:57] code 404, message File not found
::1 - - [17/Nov/2025 09:17:57] "HEAD /assets/images/photos/cow9.png HTTP/1.1" 404 -
::1 - - [17/Nov/2025 09:17:57] code 404, message File not found
::1 - - [17/Nov/2025 09:17:57] "HEAD /assets/images/photos/cow8.png HTTP/1.1" 404 -
::1 - - [17/Nov/2025 09:17:57] code 404, message File not found
::1 - - [17/Nov/2025 09:17:57] code 404, message File not found
::1 - - [17/Nov/2025 09:17:57] "HEAD /assets/images/photos/pig1.png HTTP/1.1" 404 -
::1 - - [17/Nov/2025 09:17:57] "HEAD /assets/images/photos/pig0.png HTTP/1.1" 404 -
::1 - - [17/Nov/2025 09:17:57] code 404, message File not found
::1 - - [17/Nov/2025 09:17:57] code 404, message File not found
::1 - - [17/Nov/2025 09:17:57] "HEAD /assets/images/photos/pig3.png HTTP/1.1" 404 -
::1 - - [17/Nov/2025 09:17:57] "HEAD /assets/images/photos/pig2.png HTTP/1.1" 404 -
::1 - - [17/Nov/2025 09:17:57] code 404, message File not found
::1 - - [17/Nov/2025 09:17:57] "HEAD /assets/images/photos/pig4.png HTTP/1.1" 404 -
::1 - - [17/Nov/2025 09:17:57] code 404, message File not found
::1 - - [17/Nov/2025 09:17:57] "HEAD /assets/images/photos/pig5.png HTTP/1.1" 404 -
::1 - - [17/Nov/2025 09:17:57] code 404, message File not found
::1 - - [17/Nov/2025 09:17:57] code 404, message File not found
::1 - - [17/Nov/2025 09:17:57] "HEAD /assets/images/photos/pig7.png HTTP/1.1" 404 -
::1 - - [17/Nov/2025 09:17:57] code 404, message File not found
::1 - - [17/Nov/2025 09:17:57] code 404, message File not found
::1 - - [17/Nov/2025 09:17:57] code 404, message File not found
::1 - - [17/Nov/2025 09:17:57] "HEAD /assets/images/photos/pig8.png HTTP/1.1" 404 -
::1 - - [17/Nov/2025 09:17:57] "HEAD /assets/images/photos/pig6.png HTTP/1.1" 404 -
::1 - - [17/Nov/2025 09:17:57] code 404, message File not found
::1 - - [17/Nov/2025 09:17:57] "HEAD /assets/images/photos/sheep1.png HTTP/1.1" 200 -
::1 - - [17/Nov/2025 09:17:57] "HEAD /assets/images/photos/sheep0.png HTTP/1.1" 404 -
::1 - - [17/Nov/2025 09:17:57] "HEAD /assets/images/photos/pig9.png HTTP/1.1" 404 -
::1 - - [17/Nov/2025 09:17:57] "HEAD /assets/images/photos/sheep2.png HTTP/1.1" 404 -
::1 - - [17/Nov/2025 09:17:57] code 404, message File not found
::1 - - [17/Nov/2025 09:17:57] code 404, message File not found
::1 - - [17/Nov/2025 09:17:57] "HEAD /assets/images/photos/sheep3.png HTTP/1.1" 404 -
::1 - - [17/Nov/2025 09:17:57] "HEAD /assets/images/photos/sheep4.png HTTP/1.1" 404 -
::1 - - [17/Nov/2025 09:17:57] code 404, message File not found
::1 - - [17/Nov/2025 09:17:57] code 404, message File not found
::1 - - [17/Nov/2025 09:17:57] code 404, message File not found
::1 - - [17/Nov/2025 09:17:57] code 404, message File not found
::1 - - [17/Nov/2025 09:17:57] "HEAD /assets/images/photos/sheep6.png HTTP/1.1" 404 -
::1 - - [17/Nov/2025 09:17:57] "HEAD /assets/images/photos/sheep5.png HTTP/1.1" 404 -
::1 - - [17/Nov/2025 09:17:57] "HEAD /assets/images/photos/sheep7.png HTTP/1.1" 404 -
::1 - - [17/Nov/2025 09:17:57] code 404, message File not found
::1 - - [17/Nov/2025 09:17:57] "HEAD /assets/images/photos/sheep8.png HTTP/1.1" 404 -
::1 - - [17/Nov/2025 09:17:57] "HEAD /assets/images/photos/dog0.png HTTP/1.1" 404 -
::1 - - [17/Nov/2025 09:17:57] code 404, message File not found
::1 - - [17/Nov/2025 09:17:57] "HEAD /assets/images/photos/sheep9.png HTTP/1.1" 404 -
::1 - - [17/Nov/2025 09:17:57] code 404, message File not found
::1 - - [17/Nov/2025 09:17:57] code 404, message File not found
::1 - - [17/Nov/2025 09:17:57] "HEAD /assets/images/photos/dog2.png HTTP/1.1" 404 -
::1 - - [17/Nov/2025 09:17:57] "HEAD /assets/images/photos/dog1.png HTTP/1.1" 404 -
::1 - - [17/Nov/2025 09:17:57] code 404, message File not found
::1 - - [17/Nov/2025 09:17:57] "HEAD /assets/images/photos/dog3.png HTTP/1.1" 404 -
::1 - - [17/Nov/2025 09:17:57] code 404, message File not found
::1 - - [17/Nov/2025 09:17:57] "HEAD /assets/images/photos/dog4.png HTTP/1.1" 404 -
::1 - - [17/Nov/2025 09:17:57] code 404, message File not found
::1 - - [17/Nov/2025 09:17:57] code 404, message File not found
::1 - - [17/Nov/2025 09:17:57] code 404, message File not found
::1 - - [17/Nov/2025 09:17:57] "HEAD /assets/images/photos/dog5.png HTTP/1.1" 404 -
::1 - - [17/Nov/2025 09:17:57] "HEAD /assets/images/photos/dog6.png HTTP/1.1" 404 -
::1 - - [17/Nov/2025 09:17:57] "HEAD /assets/images/photos/dog7.png HTTP/1.1" 404 -
::1 - - [17/Nov/2025 09:17:57] code 404, message File not found
::1 - - [17/Nov/2025 09:17:57] code 404, message File not found
::1 - - [17/Nov/2025 09:17:57] "HEAD /assets/images/photos/dog9.png HTTP/1.1" 404 -
::1 - - [17/Nov/2025 09:17:57] code 404, message File not found
::1 - - [17/Nov/2025 09:17:57] code 404, message File not found
::1 - - [17/Nov/2025 09:17:57] code 404, message File not found
::1 - - [17/Nov/2025 09:17:57] "HEAD /assets/images/photos/cat1.png HTTP/1.1" 404 -
::1 - - [17/Nov/2025 09:17:57] "HEAD /assets/images/photos/cat3.png HTTP/1.1" 404 -
::1 - - [17/Nov/2025 09:17:57] "HEAD /assets/images/photos/cat2.png HTTP/1.1" 404 -
::1 - - [17/Nov/2025 09:17:57] code 404, message File not found
::1 - - [17/Nov/2025 09:17:57] code 404, message File not found
::1 - - [17/Nov/2025 09:17:57] "HEAD /assets/images/photos/dog8.png HTTP/1.1" 404 -
::1 - - [17/Nov/2025 09:17:57] "HEAD /assets/images/photos/cat4.png HTTP/1.1" 404 -
::1 - - [17/Nov/2025 09:17:57] code 404, message File not found
::1 - - [17/Nov/2025 09:17:57] code 404, message File not found
::1 - - [17/Nov/2025 09:17:57] "HEAD /assets/images/photos/cat0.png HTTP/1.1" 404 -
::1 - - [17/Nov/2025 09:17:57] code 404, message File not found
::1 - - [17/Nov/2025 09:17:57] code 404, message File not found
::1 - - [17/Nov/2025 09:17:57] "HEAD /assets/images/photos/cat5.png HTTP/1.1" 404 -
::1 - - [17/Nov/2025 09:17:57] code 404, message File not found
::1 - - [17/Nov/2025 09:17:57] "HEAD /assets/images/photos/cat8.png HTTP/1.1" 404 -
::1 - - [17/Nov/2025 09:17:57] "HEAD /assets/images/photos/cat6.png HTTP/1.1" 404 -
::1 - - [17/Nov/2025 09:17:57] "HEAD /assets/images/photos/cat7.png HTTP/1.1" 404 -
::1 - - [17/Nov/2025 09:17:57] "HEAD /assets/images/photos/cat9.png HTTP/1.1" 404 -
::1 - - [17/Nov/2025 09:17:57] "GET /assets/sounds/pig.mp3 HTTP/1.1" 304 -
::1 - - [17/Nov/2025 09:17:57] code 404, message File not found
::1 - - [17/Nov/2025 09:17:57] "GET /favicon.ico HTTP/1.1" 404 -
::1 - - [17/Nov/2025 09:22:22] "GET / HTTP/1.1" 200 -
